<?xml version="1.0" encoding="utf-8"?>
<checkstyle version="4.3">
	<file name="karma.conf.js">
		<error line="40" column="13" severity="error" message="Expected &apos;]&apos; to match &apos;[&apos; from line 17 and instead saw &apos;test/unit/View/*.js&apos;." source="jshint.E020" />
		<error line="41" column="9" severity="error" message="Expected &apos;}&apos; to match &apos;{&apos; from line 5 and instead saw &apos;]&apos;." source="jshint.E020" />
		<error line="45" column="16" severity="warning" message="Expected &apos;)&apos; and instead saw &apos;:&apos;." source="jshint.W116" />
		<error line="47" column="9" severity="error" message="Expected an identifier and instead saw &apos;]&apos;." source="jshint.E030" />
		<error line="47" column="10" severity="error" message="Expected &apos;]&apos; to match &apos;[&apos; from line 45 and instead saw &apos;,&apos;." source="jshint.E020" />
		<error line="47" column="10" severity="warning" message="Expected an assignment or function call and instead saw an expression." source="jshint.W030" />
		<error line="47" column="11" severity="warning" message="Missing semicolon." source="jshint.W033" />
		<error line="56" column="13" severity="warning" message="Expected an assignment or function call and instead saw an expression." source="jshint.W030" />
		<error line="56" column="25" severity="warning" message="Missing semicolon." source="jshint.W033" />
		<error line="56" column="25" severity="error" message="Expected &apos;}&apos; to match &apos;{&apos; from line 52 and instead saw &apos;:&apos;." source="jshint.E020" />
		<error line="57" column="13" severity="warning" message="Expected an assignment or function call and instead saw an expression." source="jshint.W030" />
		<error line="57" column="29" severity="warning" message="Missing semicolon." source="jshint.W033" />
		<error line="57" column="29" severity="error" message="Expected &apos;}&apos; to match &apos;{&apos; from line 4 and instead saw &apos;:&apos;." source="jshint.E020" />
		<error line="57" column="31" severity="warning" message="[&apos;coverage&apos;] is better written in dot notation." source="jshint.W069" />
		<error line="58" column="13" severity="warning" message="Expected an assignment or function call and instead saw an expression." source="jshint.W030" />
		<error line="58" column="41" severity="warning" message="Missing semicolon." source="jshint.W033" />
		<error line="58" column="41" severity="error" message="Unrecoverable syntax error. (46% scanned)." source="jshint.E041" />
	</file>
	<file name="test/unit/Controller/PageControllerSpec.js">
		<error line="39" column="69" severity="warning" message="Missing semicolon." source="jshint.W033" />
	</file>
	<file name="test/unit/Controller/RootControllerSpec.js">
		<error line="18" column="5" severity="error" message="Missing &quot;use strict&quot; statement." source="jshint.E007" />
		<error line="24" column="9" severity="warning" message="&apos;controller&apos; is not defined." source="jshint.W117" />
	</file>
	<file name="test/unit/Model/UrlProviderSpec.js">
		<error line="20" column="5" severity="warning" message="Unnecessary directive &quot;use strict&quot;." source="jshint.W034" />
	</file>
	<file name="test/unit/View/GoogleAPIMock.js">
		<error line="19" column="5" severity="warning" message="&apos;googleAPI&apos; is defined but never used." source="jshint.W098" />
	</file>
	<file name="test/unit/View/PageController.js">
		<error line="20" column="5" severity="warning" message="&apos;mockPageController&apos; is defined but never used." source="jshint.W098" />
	</file>
</checkstyle>
