TN:
SF:/home/travis/build/DeltaGraphs/norris-nrti/frontend/app/Model/SocketServices.js
FN:20,(anonymous_1)
FN:22,SocketServices
FN:25,(anonymous_3)
FN:26,(anonymous_4)
FN:28,(anonymous_5)
FN:33,(anonymous_6)
FN:34,(anonymous_7)
FN:36,(anonymous_8)
FN:46,SocketServicesFactory
FN:48,(anonymous_10)
FNF:10
FNH:4
FNDA:48,(anonymous_1)
FNDA:37,SocketServices
FNDA:210,(anonymous_3)
FNDA:0,(anonymous_4)
FNDA:0,(anonymous_5)
FNDA:0,(anonymous_6)
FNDA:0,(anonymous_7)
FNDA:0,(anonymous_8)
FNDA:0,SocketServicesFactory
FNDA:37,(anonymous_10)
DA:19,1
DA:22,1
DA:23,37
DA:24,37
DA:26,210
DA:27,0
DA:28,0
DA:29,0
DA:34,0
DA:35,0
DA:36,0
DA:37,0
DA:38,0
DA:46,1
DA:48,48
DA:49,37
DA:52,48
LF:17
LH:9
BRDA:37,1,0,0
BRDA:37,1,1,0
BRF:2
BRH:0
end_of_record
TN:
SF:/home/travis/build/DeltaGraphs/norris-nrti/frontend/app/Model/UrlProvider.js
FN:21,(anonymous_1)
FN:23,UrlProvider
FN:27,(anonymous_3)
FN:30,(anonymous_4)
FNF:4
FNH:4
FNDA:5,(anonymous_1)
FNDA:2,UrlProvider
FNDA:2,(anonymous_3)
FNDA:4,(anonymous_4)
DA:20,1
DA:23,1
DA:24,2
DA:27,5
DA:28,2
DA:30,5
DA:31,4
DA:33,5
LF:8
LH:8
BRF:0
BRH:0
end_of_record
TN:
SF:/home/travis/build/DeltaGraphs/norris-nrti/frontend/app/Model/GraphsModel/Axis.js
FN:28,(anonymous_1)
FN:31,Axis
FN:64,(anonymous_3)
FN:87,(anonymous_4)
FN:90,(anonymous_5)
FN:93,(anonymous_6)
FN:96,(anonymous_7)
FN:99,(anonymous_8)
FN:102,(anonymous_9)
FN:107,AxisFactory
FN:109,(anonymous_11)
FNF:11
FNH:10
FNDA:110,(anonymous_1)
FNDA:56,Axis
FNDA:6,(anonymous_3)
FNDA:5,(anonymous_4)
FNDA:3,(anonymous_5)
FNDA:3,(anonymous_6)
FNDA:3,(anonymous_7)
FNDA:4,(anonymous_8)
FNDA:3,(anonymous_9)
FNDA:0,AxisFactory
FNDA:56,(anonymous_11)
DA:27,1
DA:31,1
DA:33,56
DA:34,56
DA:35,56
DA:36,56
DA:37,56
DA:38,56
DA:41,56
DA:42,43
DA:43,43
DA:45,43
DA:46,7
DA:48,43
DA:49,7
DA:51,43
DA:52,7
DA:54,43
DA:55,8
DA:57,43
DA:58,7
DA:64,110
DA:65,6
DA:66,6
DA:67,6
DA:69,6
DA:70,6
DA:72,6
DA:73,6
DA:75,6
DA:76,6
DA:78,6
DA:79,6
DA:81,6
DA:82,6
DA:87,110
DA:88,5
DA:90,110
DA:91,3
DA:93,110
DA:94,3
DA:96,110
DA:97,3
DA:99,110
DA:100,4
DA:102,110
DA:103,3
DA:107,1
DA:109,110
DA:110,56
DA:112,110
LF:51
LH:51
BRDA:41,1,0,43
BRDA:41,1,1,13
BRDA:42,2,0,43
BRDA:42,2,1,0
BRDA:45,3,0,7
BRDA:45,3,1,36
BRDA:48,4,0,7
BRDA:48,4,1,36
BRDA:51,5,0,7
BRDA:51,5,1,36
BRDA:54,6,0,8
BRDA:54,6,1,35
BRDA:57,7,0,7
BRDA:57,7,1,36
BRDA:65,8,0,6
BRDA:65,8,1,0
BRDA:66,9,0,6
BRDA:66,9,1,0
BRDA:69,10,0,6
BRDA:69,10,1,0
BRDA:72,11,0,6
BRDA:72,11,1,0
BRDA:75,12,0,6
BRDA:75,12,1,0
BRDA:78,13,0,6
BRDA:78,13,1,0
BRDA:81,14,0,6
BRDA:81,14,1,0
BRF:28
BRH:20
end_of_record
TN:
SF:/home/travis/build/DeltaGraphs/norris-nrti/frontend/app/Model/GraphsModel/BarChart.js
FN:28,(anonymous_1)
FN:31,split
FN:88,BarChart
FN:103,(anonymous_4)
FN:152,(anonymous_5)
FN:158,(anonymous_6)
FN:162,(anonymous_7)
FN:167,(anonymous_8)
FN:181,(anonymous_9)
FN:191,(anonymous_10)
FN:202,(anonymous_11)
FN:213,(anonymous_12)
FN:216,(anonymous_13)
FN:219,(anonymous_14)
FN:222,(anonymous_15)
FN:225,(anonymous_16)
FN:228,(anonymous_17)
FN:231,(anonymous_18)
FN:234,(anonymous_19)
FN:237,(anonymous_20)
FN:240,(anonymous_21)
FN:243,(anonymous_22)
FN:246,(anonymous_23)
FN:249,(anonymous_24)
FN:252,(anonymous_25)
FN:255,(anonymous_26)
FN:260,BarChartFactory
FN:262,(anonymous_28)
FNF:28
FNH:27
FNDA:47,(anonymous_1)
FNDA:24,split
FNDA:66,BarChart
FNDA:24,(anonymous_4)
FNDA:77,(anonymous_5)
FNDA:1,(anonymous_6)
FNDA:1,(anonymous_7)
FNDA:4,(anonymous_8)
FNDA:1,(anonymous_9)
FNDA:1,(anonymous_10)
FNDA:1,(anonymous_11)
FNDA:3,(anonymous_12)
FNDA:8,(anonymous_13)
FNDA:8,(anonymous_14)
FNDA:36,(anonymous_15)
FNDA:1,(anonymous_16)
FNDA:187,(anonymous_17)
FNDA:4,(anonymous_18)
FNDA:2,(anonymous_19)
FNDA:5,(anonymous_20)
FNDA:5,(anonymous_21)
FNDA:2,(anonymous_22)
FNDA:2,(anonymous_23)
FNDA:4,(anonymous_24)
FNDA:4,(anonymous_25)
FNDA:2,(anonymous_26)
FNDA:0,BarChartFactory
FNDA:66,(anonymous_28)
DA:27,1
DA:31,1
DA:32,24
DA:33,24
DA:34,24
DA:36,24
DA:37,16
DA:39,24
DA:40,16
DA:42,24
DA:43,24
DA:45,24
DA:46,23
DA:48,24
DA:49,16
DA:52,24
DA:53,24
DA:54,16
DA:56,24
DA:57,16
DA:59,24
DA:60,16
DA:62,24
DA:63,16
DA:65,24
DA:66,16
DA:68,24
DA:69,16
DA:71,24
DA:72,16
DA:74,24
DA:75,16
DA:77,24
DA:78,16
DA:81,24
DA:88,1
DA:90,66
DA:91,66
DA:92,66
DA:93,66
DA:94,66
DA:95,66
DA:96,66
DA:97,66
DA:98,66
DA:99,66
DA:103,47
DA:104,24
DA:105,24
DA:106,24
DA:107,24
DA:108,24
DA:109,24
DA:111,24
DA:112,16
DA:113,16
DA:115,16
DA:116,16
DA:118,16
DA:119,16
DA:121,16
DA:122,16
DA:124,16
DA:125,16
DA:127,16
DA:128,16
DA:130,16
DA:131,16
DA:133,16
DA:134,16
DA:136,16
DA:137,16
DA:141,24
DA:142,23
DA:143,69
DA:144,69
DA:152,47
DA:153,77
DA:154,77
DA:158,47
DA:159,1
DA:162,47
DA:163,1
DA:167,47
DA:168,4
DA:169,4
DA:170,4
DA:171,4
DA:172,6
DA:173,4
DA:181,47
DA:182,1
DA:183,1
DA:184,1
DA:185,1
DA:191,47
DA:192,1
DA:193,1
DA:194,1
DA:195,1
DA:196,1
DA:202,47
DA:203,1
DA:204,1
DA:205,1
DA:206,1
DA:207,1
DA:213,47
DA:214,3
DA:216,47
DA:217,8
DA:219,47
DA:220,8
DA:222,47
DA:223,36
DA:225,47
DA:226,1
DA:228,47
DA:229,187
DA:231,47
DA:232,4
DA:234,47
DA:235,2
DA:237,47
DA:238,5
DA:240,47
DA:241,5
DA:243,47
DA:244,2
DA:246,47
DA:247,2
DA:249,47
DA:250,4
DA:252,47
DA:253,4
DA:255,47
DA:256,2
DA:260,1
DA:262,47
DA:263,66
DA:266,47
LF:141
LH:141
BRDA:33,1,0,24
BRDA:33,1,1,0
BRDA:36,2,0,16
BRDA:36,2,1,8
BRDA:39,3,0,16
BRDA:39,3,1,8
BRDA:42,4,0,24
BRDA:42,4,1,0
BRDA:45,5,0,23
BRDA:45,5,1,1
BRDA:48,6,0,16
BRDA:48,6,1,8
BRDA:53,7,0,16
BRDA:53,7,1,8
BRDA:56,8,0,16
BRDA:56,8,1,8
BRDA:59,9,0,16
BRDA:59,9,1,8
BRDA:62,10,0,16
BRDA:62,10,1,8
BRDA:65,11,0,16
BRDA:65,11,1,8
BRDA:68,12,0,16
BRDA:68,12,1,8
BRDA:71,13,0,16
BRDA:71,13,1,8
BRDA:74,14,0,16
BRDA:74,14,1,8
BRDA:77,15,0,16
BRDA:77,15,1,8
BRDA:104,16,0,24
BRDA:104,16,1,0
BRDA:108,17,0,24
BRDA:108,17,1,0
BRDA:111,18,0,16
BRDA:111,18,1,8
BRDA:112,19,0,16
BRDA:112,19,1,0
BRDA:115,20,0,16
BRDA:115,20,1,0
BRDA:118,21,0,16
BRDA:118,21,1,0
BRDA:121,22,0,16
BRDA:121,22,1,0
BRDA:124,23,0,16
BRDA:124,23,1,0
BRDA:127,24,0,16
BRDA:127,24,1,0
BRDA:130,25,0,16
BRDA:130,25,1,0
BRDA:133,26,0,16
BRDA:133,26,1,0
BRDA:136,27,0,16
BRDA:136,27,1,0
BRDA:141,28,0,23
BRDA:141,28,1,1
BRDA:153,29,0,77
BRDA:153,29,1,0
BRDA:168,30,0,4
BRDA:168,30,1,0
BRDA:172,31,0,4
BRDA:172,31,1,2
BRDA:182,32,0,1
BRDA:182,32,1,0
BRDA:184,33,0,1
BRDA:184,33,1,0
BRDA:192,34,0,1
BRDA:192,34,1,0
BRDA:195,35,0,1
BRDA:195,35,1,0
BRDA:203,36,0,1
BRDA:203,36,1,0
BRDA:206,37,0,1
BRDA:206,37,1,0
BRF:74
BRH:53
end_of_record
TN:
SF:/home/travis/build/DeltaGraphs/norris-nrti/frontend/app/Model/GraphsModel/ColorPicker.js
FN:19,(anonymous_1)
FN:44,(anonymous_2)
FNF:2
FNH:2
FNDA:26,(anonymous_1)
FNDA:26,(anonymous_2)
DA:18,1
DA:20,26
DA:43,26
DA:45,26
LF:4
LH:4
BRF:0
BRH:0
end_of_record
TN:
SF:/home/travis/build/DeltaGraphs/norris-nrti/frontend/app/Model/GraphsModel/Graph.js
FN:34,(anonymous_1)
FN:37,Graph
FN:59,(anonymous_3)
FN:80,(anonymous_4)
FN:95,(anonymous_5)
FN:103,(anonymous_6)
FN:112,(anonymous_7)
FN:115,(anonymous_8)
FN:118,(anonymous_9)
FN:121,(anonymous_10)
FN:128,(anonymous_11)
FN:131,(anonymous_12)
FN:136,GraphFactory
FN:138,(anonymous_14)
FNF:14
FNH:13
FNDA:183,(anonymous_1)
FNDA:240,Graph
FNDA:88,(anonymous_3)
FNDA:277,(anonymous_4)
FNDA:5,(anonymous_5)
FNDA:4,(anonymous_6)
FNDA:12,(anonymous_7)
FNDA:32,(anonymous_8)
FNDA:32,(anonymous_9)
FNDA:104,(anonymous_10)
FNDA:7,(anonymous_11)
FNDA:644,(anonymous_12)
FNDA:0,GraphFactory
FNDA:240,(anonymous_14)
DA:33,1
DA:37,1
DA:39,240
DA:40,240
DA:41,240
DA:42,240
DA:43,240
DA:44,240
DA:45,240
DA:48,240
DA:49,30
DA:50,30
DA:52,30
DA:53,30
DA:59,183
DA:60,88
DA:61,88
DA:62,88
DA:64,88
DA:65,65
DA:67,88
DA:68,65
DA:70,88
DA:71,71
DA:73,88
DA:74,69
DA:80,183
DA:81,277
DA:83,277
DA:84,246
DA:85,1
DA:89,277
DA:90,276
DA:95,183
DA:96,5
DA:97,5
DA:98,5
DA:103,183
DA:104,4
DA:105,4
DA:106,4
DA:107,4
DA:112,183
DA:113,12
DA:115,183
DA:116,32
DA:118,183
DA:119,32
DA:121,183
DA:122,104
DA:123,100
DA:125,4
DA:128,183
DA:129,7
DA:131,183
DA:132,644
DA:136,1
DA:138,183
DA:139,240
DA:142,183
LF:60
LH:60
BRDA:48,1,0,30
BRDA:48,1,1,210
BRDA:49,2,0,30
BRDA:49,2,1,0
BRDA:52,3,0,30
BRDA:52,3,1,0
BRDA:60,4,0,88
BRDA:60,4,1,0
BRDA:61,5,0,88
BRDA:61,5,1,0
BRDA:64,6,0,65
BRDA:64,6,1,23
BRDA:67,7,0,65
BRDA:67,7,1,23
BRDA:70,8,0,71
BRDA:70,8,1,17
BRDA:73,9,0,69
BRDA:73,9,1,19
BRDA:73,10,0,88
BRDA:73,10,1,69
BRDA:84,11,0,1
BRDA:84,11,1,245
BRDA:89,12,0,276
BRDA:89,12,1,1
BRDA:97,13,0,5
BRDA:97,13,1,0
BRDA:105,14,0,4
BRDA:105,14,1,0
BRDA:122,15,0,100
BRDA:122,15,1,4
BRF:30
BRH:24
end_of_record
TN:
SF:/home/travis/build/DeltaGraphs/norris-nrti/frontend/app/Model/GraphsModel/Legend.js
FN:26,(anonymous_1)
FN:29,Legend
FN:49,(anonymous_3)
FN:63,(anonymous_4)
FN:66,(anonymous_5)
FN:69,(anonymous_6)
FN:74,LegendFactory
FN:76,(anonymous_8)
FNF:8
FNH:7
FNDA:194,(anonymous_1)
FNDA:80,Legend
FNDA:3,(anonymous_3)
FNDA:26,(anonymous_4)
FNDA:5,(anonymous_5)
FNDA:26,(anonymous_6)
FNDA:0,LegendFactory
FNDA:80,(anonymous_8)
DA:25,1
DA:29,1
DA:30,80
DA:31,80
DA:32,80
DA:35,80
DA:36,73
DA:37,73
DA:39,73
DA:40,4
DA:42,73
DA:43,4
DA:49,194
DA:50,3
DA:51,3
DA:52,3
DA:54,3
DA:55,3
DA:57,3
DA:58,3
DA:63,194
DA:64,26
DA:66,194
DA:67,5
DA:69,194
DA:70,26
DA:74,1
DA:76,194
DA:77,80
DA:80,194
LF:30
LH:30
BRDA:35,1,0,73
BRDA:35,1,1,7
BRDA:36,2,0,73
BRDA:36,2,1,0
BRDA:39,3,0,4
BRDA:39,3,1,69
BRDA:42,4,0,4
BRDA:42,4,1,69
BRDA:50,5,0,3
BRDA:50,5,1,0
BRDA:51,6,0,3
BRDA:51,6,1,0
BRDA:54,7,0,3
BRDA:54,7,1,0
BRDA:57,8,0,3
BRDA:57,8,1,0
BRF:16
BRH:11
end_of_record
TN:
SF:/home/travis/build/DeltaGraphs/norris-nrti/frontend/app/Model/GraphsModel/LineChart.js
FN:30,(anonymous_1)
FN:33,split
FN:87,LineChart
FN:100,(anonymous_4)
FN:145,(anonymous_5)
FN:151,(anonymous_6)
FN:155,(anonymous_7)
FN:160,(anonymous_8)
FN:174,(anonymous_9)
FN:185,(anonymous_10)
FN:196,(anonymous_11)
FN:207,(anonymous_12)
FN:210,(anonymous_13)
FN:213,(anonymous_14)
FN:216,(anonymous_15)
FN:219,(anonymous_16)
FN:222,(anonymous_17)
FN:225,(anonymous_18)
FN:228,(anonymous_19)
FN:231,(anonymous_20)
FN:234,(anonymous_21)
FN:237,(anonymous_22)
FN:240,(anonymous_23)
FN:243,(anonymous_24)
FN:246,(anonymous_25)
FN:251,LineChartFactory
FN:253,(anonymous_27)
FNF:27
FNH:26
FNDA:43,(anonymous_1)
FNDA:22,split
FNDA:62,LineChart
FNDA:22,(anonymous_4)
FNDA:71,(anonymous_5)
FNDA:1,(anonymous_6)
FNDA:1,(anonymous_7)
FNDA:5,(anonymous_8)
FNDA:1,(anonymous_9)
FNDA:1,(anonymous_10)
FNDA:1,(anonymous_11)
FNDA:3,(anonymous_12)
FNDA:8,(anonymous_13)
FNDA:8,(anonymous_14)
FNDA:36,(anonymous_15)
FNDA:1,(anonymous_16)
FNDA:253,(anonymous_17)
FNDA:6,(anonymous_18)
FNDA:2,(anonymous_19)
FNDA:4,(anonymous_20)
FNDA:2,(anonymous_21)
FNDA:4,(anonymous_22)
FNDA:4,(anonymous_23)
FNDA:2,(anonymous_24)
FNDA:2,(anonymous_25)
FNDA:0,LineChartFactory
FNDA:62,(anonymous_27)
DA:29,1
DA:33,1
DA:34,22
DA:35,22
DA:36,22
DA:38,22
DA:39,14
DA:41,22
DA:42,14
DA:44,22
DA:45,22
DA:47,22
DA:48,21
DA:50,22
DA:51,14
DA:54,22
DA:55,22
DA:56,14
DA:58,22
DA:59,2
DA:61,22
DA:62,2
DA:64,22
DA:65,14
DA:67,22
DA:68,14
DA:70,22
DA:71,12
DA:73,22
DA:74,12
DA:76,22
DA:77,12
DA:80,22
DA:87,1
DA:88,62
DA:89,62
DA:90,62
DA:91,62
DA:92,62
DA:93,62
DA:94,62
DA:95,62
DA:96,62
DA:100,43
DA:101,22
DA:102,22
DA:103,22
DA:104,22
DA:105,22
DA:106,22
DA:108,22
DA:109,15
DA:110,14
DA:112,15
DA:113,2
DA:115,15
DA:116,2
DA:118,15
DA:119,14
DA:121,15
DA:122,14
DA:124,15
DA:125,12
DA:127,15
DA:128,12
DA:130,15
DA:131,12
DA:135,22
DA:136,21
DA:137,63
DA:138,63
DA:145,43
DA:146,71
DA:147,71
DA:151,43
DA:152,1
DA:155,43
DA:156,1
DA:160,43
DA:161,5
DA:162,5
DA:163,5
DA:164,5
DA:165,7
DA:166,5
DA:174,43
DA:175,1
DA:176,1
DA:177,1
DA:178,1
DA:179,1
DA:185,43
DA:186,1
DA:187,1
DA:188,1
DA:189,1
DA:190,1
DA:196,43
DA:197,1
DA:198,1
DA:199,1
DA:200,1
DA:201,1
DA:207,43
DA:208,3
DA:210,43
DA:211,8
DA:213,43
DA:214,8
DA:216,43
DA:217,36
DA:219,43
DA:220,1
DA:222,43
DA:223,253
DA:225,43
DA:226,6
DA:228,43
DA:229,2
DA:231,43
DA:232,4
DA:234,43
DA:235,2
DA:237,43
DA:238,4
DA:240,43
DA:241,4
DA:243,43
DA:244,2
DA:246,43
DA:247,2
DA:251,1
DA:253,43
DA:254,62
DA:257,43
LF:135
LH:135
BRDA:35,1,0,22
BRDA:35,1,1,0
BRDA:38,2,0,14
BRDA:38,2,1,8
BRDA:41,3,0,14
BRDA:41,3,1,8
BRDA:44,4,0,22
BRDA:44,4,1,0
BRDA:47,5,0,21
BRDA:47,5,1,1
BRDA:50,6,0,14
BRDA:50,6,1,8
BRDA:55,7,0,14
BRDA:55,7,1,8
BRDA:58,8,0,2
BRDA:58,8,1,20
BRDA:61,9,0,2
BRDA:61,9,1,20
BRDA:64,10,0,14
BRDA:64,10,1,8
BRDA:67,11,0,14
BRDA:67,11,1,8
BRDA:70,12,0,12
BRDA:70,12,1,10
BRDA:73,13,0,12
BRDA:73,13,1,10
BRDA:76,14,0,12
BRDA:76,14,1,10
BRDA:101,15,0,22
BRDA:101,15,1,0
BRDA:105,16,0,22
BRDA:105,16,1,0
BRDA:108,17,0,15
BRDA:108,17,1,7
BRDA:109,18,0,14
BRDA:109,18,1,1
BRDA:112,19,0,2
BRDA:112,19,1,13
BRDA:115,20,0,2
BRDA:115,20,1,13
BRDA:118,21,0,14
BRDA:118,21,1,1
BRDA:121,22,0,14
BRDA:121,22,1,1
BRDA:124,23,0,12
BRDA:124,23,1,3
BRDA:127,24,0,12
BRDA:127,24,1,3
BRDA:130,25,0,12
BRDA:130,25,1,3
BRDA:135,26,0,21
BRDA:135,26,1,1
BRDA:146,27,0,71
BRDA:146,27,1,0
BRDA:161,28,0,5
BRDA:161,28,1,0
BRDA:165,29,0,5
BRDA:165,29,1,2
BRDA:175,30,0,1
BRDA:175,30,1,0
BRDA:178,31,0,1
BRDA:178,31,1,0
BRDA:186,32,0,1
BRDA:186,32,1,0
BRDA:189,33,0,1
BRDA:189,33,1,0
BRDA:197,34,0,1
BRDA:197,34,1,0
BRDA:200,35,0,1
BRDA:200,35,1,0
BRF:70
BRH:58
end_of_record
TN:
SF:/home/travis/build/DeltaGraphs/norris-nrti/frontend/app/Model/GraphsModel/MapChart.js
FN:26,(anonymous_1)
FN:29,split
FN:82,MapChart
FN:96,(anonymous_4)
FN:139,(anonymous_5)
FN:145,(anonymous_6)
FN:149,(anonymous_7)
FN:154,(anonymous_8)
FN:168,(anonymous_9)
FN:179,(anonymous_10)
FN:190,(anonymous_11)
FN:201,(anonymous_12)
FN:204,(anonymous_13)
FN:207,(anonymous_14)
FN:210,(anonymous_15)
FN:213,(anonymous_16)
FN:216,(anonymous_17)
FN:219,(anonymous_18)
FN:222,(anonymous_19)
FN:225,(anonymous_20)
FN:228,(anonymous_21)
FN:231,(anonymous_22)
FN:234,(anonymous_23)
FN:237,(anonymous_24)
FN:240,(anonymous_25)
FN:245,MapChartFactory
FN:247,(anonymous_27)
FNF:27
FNH:26
FNDA:41,(anonymous_1)
FNDA:20,split
FNDA:55,MapChart
FNDA:20,(anonymous_4)
FNDA:68,(anonymous_5)
FNDA:1,(anonymous_6)
FNDA:1,(anonymous_7)
FNDA:4,(anonymous_8)
FNDA:1,(anonymous_9)
FNDA:1,(anonymous_10)
FNDA:1,(anonymous_11)
FNDA:1,(anonymous_12)
FNDA:12,(anonymous_13)
FNDA:12,(anonymous_14)
FNDA:29,(anonymous_15)
FNDA:1,(anonymous_16)
FNDA:60,(anonymous_17)
FNDA:2,(anonymous_18)
FNDA:2,(anonymous_19)
FNDA:2,(anonymous_20)
FNDA:2,(anonymous_21)
FNDA:2,(anonymous_22)
FNDA:2,(anonymous_23)
FNDA:2,(anonymous_24)
FNDA:2,(anonymous_25)
FNDA:0,MapChartFactory
FNDA:55,(anonymous_27)
DA:25,1
DA:29,1
DA:30,20
DA:31,20
DA:32,20
DA:34,20
DA:35,13
DA:37,20
DA:38,13
DA:40,20
DA:41,20
DA:43,20
DA:44,20
DA:48,20
DA:49,20
DA:50,13
DA:52,20
DA:53,13
DA:55,20
DA:56,13
DA:58,20
DA:59,13
DA:61,20
DA:62,13
DA:64,20
DA:65,13
DA:67,20
DA:68,13
DA:70,20
DA:71,13
DA:75,20
DA:82,1
DA:83,55
DA:84,55
DA:85,55
DA:86,55
DA:87,55
DA:88,55
DA:89,55
DA:90,55
DA:92,55
DA:96,41
DA:97,20
DA:98,20
DA:99,20
DA:100,20
DA:101,20
DA:103,20
DA:104,13
DA:105,13
DA:107,13
DA:108,13
DA:110,13
DA:111,13
DA:113,13
DA:114,13
DA:116,13
DA:117,13
DA:119,13
DA:120,13
DA:122,13
DA:123,13
DA:125,13
DA:126,13
DA:130,20
DA:131,20
DA:132,60
DA:133,60
DA:139,41
DA:140,68
DA:141,68
DA:145,41
DA:146,1
DA:149,41
DA:150,1
DA:154,41
DA:155,4
DA:156,4
DA:157,4
DA:158,4
DA:159,4
DA:160,4
DA:168,41
DA:169,1
DA:170,1
DA:171,1
DA:172,1
DA:173,1
DA:179,41
DA:180,1
DA:181,1
DA:182,1
DA:183,1
DA:184,1
DA:190,41
DA:191,1
DA:192,1
DA:193,1
DA:194,1
DA:195,1
DA:201,41
DA:202,1
DA:204,41
DA:205,12
DA:207,41
DA:208,12
DA:210,41
DA:211,29
DA:213,41
DA:214,1
DA:216,41
DA:217,60
DA:219,41
DA:220,2
DA:222,41
DA:223,2
DA:225,41
DA:226,2
DA:228,41
DA:229,2
DA:231,41
DA:232,2
DA:234,41
DA:235,2
DA:237,41
DA:238,2
DA:240,41
DA:241,2
DA:245,1
DA:247,41
DA:248,55
DA:251,41
LF:132
LH:132
BRDA:31,1,0,20
BRDA:31,1,1,0
BRDA:34,2,0,13
BRDA:34,2,1,7
BRDA:37,3,0,13
BRDA:37,3,1,7
BRDA:40,4,0,20
BRDA:40,4,1,0
BRDA:43,5,0,20
BRDA:43,5,1,0
BRDA:49,6,0,13
BRDA:49,6,1,7
BRDA:52,7,0,13
BRDA:52,7,1,7
BRDA:55,8,0,13
BRDA:55,8,1,7
BRDA:58,9,0,13
BRDA:58,9,1,7
BRDA:61,10,0,13
BRDA:61,10,1,7
BRDA:64,11,0,13
BRDA:64,11,1,7
BRDA:67,12,0,13
BRDA:67,12,1,7
BRDA:70,13,0,13
BRDA:70,13,1,7
BRDA:100,14,0,20
BRDA:100,14,1,0
BRDA:103,15,0,13
BRDA:103,15,1,7
BRDA:104,16,0,13
BRDA:104,16,1,0
BRDA:107,17,0,13
BRDA:107,17,1,0
BRDA:110,18,0,13
BRDA:110,18,1,0
BRDA:113,19,0,13
BRDA:113,19,1,0
BRDA:116,20,0,13
BRDA:116,20,1,0
BRDA:119,21,0,13
BRDA:119,21,1,0
BRDA:122,22,0,13
BRDA:122,22,1,0
BRDA:125,23,0,13
BRDA:125,23,1,0
BRDA:130,24,0,20
BRDA:130,24,1,0
BRDA:140,25,0,68
BRDA:140,25,1,0
BRDA:155,26,0,4
BRDA:155,26,1,0
BRDA:159,27,0,4
BRDA:159,27,1,0
BRDA:169,28,0,1
BRDA:169,28,1,0
BRDA:172,29,0,1
BRDA:172,29,1,0
BRDA:180,30,0,1
BRDA:180,30,1,0
BRDA:183,31,0,1
BRDA:183,31,1,0
BRDA:191,32,0,1
BRDA:191,32,1,0
BRDA:194,33,0,1
BRDA:194,33,1,0
BRF:66
BRH:44
end_of_record
TN:
SF:/home/travis/build/DeltaGraphs/norris-nrti/frontend/app/Model/GraphsModel/Table.js
FN:28,(anonymous_1)
FN:31,split
FN:77,Table
FN:88,(anonymous_4)
FN:129,(anonymous_5)
FN:135,(anonymous_6)
FN:139,(anonymous_7)
FN:149,(anonymous_8)
FN:162,(anonymous_9)
FN:173,(anonymous_10)
FN:184,(anonymous_11)
FN:195,(anonymous_12)
FN:198,(anonymous_13)
FN:201,(anonymous_14)
FN:204,(anonymous_15)
FN:207,(anonymous_16)
FN:210,(anonymous_17)
FN:213,(anonymous_18)
FN:216,(anonymous_19)
FN:219,(anonymous_20)
FN:222,(anonymous_21)
FN:225,(anonymous_22)
FN:230,TableFactory
FN:232,(anonymous_24)
FNF:24
FNH:23
FNDA:32,(anonymous_1)
FNDA:17,split
FNDA:37,Table
FNDA:17,(anonymous_4)
FNDA:56,(anonymous_5)
FNDA:1,(anonymous_6)
FNDA:1,(anonymous_7)
FNDA:6,(anonymous_8)
FNDA:1,(anonymous_9)
FNDA:1,(anonymous_10)
FNDA:1,(anonymous_11)
FNDA:2,(anonymous_12)
FNDA:1,(anonymous_13)
FNDA:1,(anonymous_14)
FNDA:1,(anonymous_15)
FNDA:74,(anonymous_16)
FNDA:81,(anonymous_17)
FNDA:5,(anonymous_18)
FNDA:2,(anonymous_19)
FNDA:6,(anonymous_20)
FNDA:21,(anonymous_21)
FNDA:46,(anonymous_22)
FNDA:0,TableFactory
FNDA:37,(anonymous_24)
DA:27,1
DA:31,1
DA:32,17
DA:33,17
DA:34,17
DA:36,17
DA:37,17
DA:39,17
DA:40,17
DA:42,17
DA:43,12
DA:45,17
DA:46,12
DA:50,17
DA:51,17
DA:52,17
DA:54,17
DA:55,13
DA:57,17
DA:58,12
DA:60,17
DA:61,17
DA:63,17
DA:64,17
DA:66,17
DA:67,16
DA:70,17
DA:77,1
DA:78,37
DA:79,37
DA:80,37
DA:81,37
DA:82,37
DA:83,37
DA:84,37
DA:88,32
DA:89,17
DA:90,17
DA:91,17
DA:92,17
DA:94,17
DA:95,17
DA:97,17
DA:98,17
DA:99,17
DA:100,42
DA:103,17
DA:104,13
DA:106,17
DA:107,12
DA:109,17
DA:110,17
DA:112,17
DA:113,17
DA:115,17
DA:116,16
DA:119,17
DA:120,16
DA:121,48
DA:122,48
DA:129,32
DA:130,56
DA:131,56
DA:135,32
DA:136,1
DA:139,32
DA:140,1
DA:141,1
DA:142,1
DA:143,1
DA:149,32
DA:150,6
DA:151,6
DA:152,6
DA:153,10
DA:154,6
DA:162,32
DA:163,1
DA:164,1
DA:165,1
DA:166,1
DA:167,1
DA:173,32
DA:174,1
DA:175,1
DA:176,1
DA:177,1
DA:178,1
DA:184,32
DA:185,1
DA:186,1
DA:187,1
DA:188,1
DA:189,1
DA:195,32
DA:196,2
DA:198,32
DA:199,1
DA:201,32
DA:202,1
DA:204,32
DA:205,1
DA:207,32
DA:208,74
DA:210,32
DA:211,81
DA:213,32
DA:214,5
DA:216,32
DA:217,2
DA:219,32
DA:220,6
DA:222,32
DA:223,21
DA:225,32
DA:226,46
DA:230,1
DA:232,32
DA:233,37
DA:236,32
LF:120
LH:120
BRDA:33,1,0,17
BRDA:33,1,1,0
BRDA:36,2,0,17
BRDA:36,2,1,0
BRDA:39,3,0,17
BRDA:39,3,1,0
BRDA:42,4,0,12
BRDA:42,4,1,5
BRDA:45,5,0,12
BRDA:45,5,1,5
BRDA:51,6,0,17
BRDA:51,6,1,0
BRDA:54,7,0,13
BRDA:54,7,1,4
BRDA:57,8,0,12
BRDA:57,8,1,5
BRDA:60,9,0,17
BRDA:60,9,1,0
BRDA:63,10,0,17
BRDA:63,10,1,0
BRDA:66,11,0,16
BRDA:66,11,1,1
BRDA:89,12,0,17
BRDA:89,12,1,0
BRDA:94,13,0,17
BRDA:94,13,1,0
BRDA:97,14,0,17
BRDA:97,14,1,0
BRDA:98,15,0,17
BRDA:98,15,1,0
BRDA:103,16,0,13
BRDA:103,16,1,4
BRDA:106,17,0,12
BRDA:106,17,1,5
BRDA:109,18,0,17
BRDA:109,18,1,0
BRDA:112,19,0,17
BRDA:112,19,1,0
BRDA:115,20,0,16
BRDA:115,20,1,1
BRDA:119,21,0,16
BRDA:119,21,1,1
BRDA:130,22,0,56
BRDA:130,22,1,0
BRDA:141,23,0,1
BRDA:141,23,1,0
BRDA:150,24,0,6
BRDA:150,24,1,0
BRDA:153,25,0,6
BRDA:153,25,1,4
BRDA:163,26,0,1
BRDA:163,26,1,0
BRDA:166,27,0,1
BRDA:166,27,1,0
BRDA:174,28,0,1
BRDA:174,28,1,0
BRDA:177,29,0,1
BRDA:177,29,1,0
BRDA:185,30,0,1
BRDA:185,30,1,0
BRDA:188,31,0,1
BRDA:188,31,1,0
BRF:62
BRH:41
end_of_record
TN:
SF:/home/travis/build/DeltaGraphs/norris-nrti/frontend/app/Model/FlowsModel/BarChartFlow.js
FN:28,(anonymous_1)
FN:30,split
FN:52,BarChartFlow
FN:68,(anonymous_4)
FN:82,(anonymous_5)
FN:87,(anonymous_6)
FN:90,(anonymous_7)
FN:97,(anonymous_8)
FN:100,(anonymous_9)
FN:108,(anonymous_10)
FN:111,(anonymous_11)
FN:114,(anonymous_12)
FN:118,BarChartFlowFactory
FN:120,(anonymous_14)
FNF:14
FNH:13
FNDA:58,(anonymous_1)
FNDA:89,split
FNDA:88,BarChartFlow
FNDA:1,(anonymous_4)
FNDA:12,(anonymous_5)
FNDA:2,(anonymous_6)
FNDA:2,(anonymous_7)
FNDA:2,(anonymous_8)
FNDA:1,(anonymous_9)
FNDA:27,(anonymous_10)
FNDA:71,(anonymous_11)
FNDA:33,(anonymous_12)
FNDA:0,BarChartFlowFactory
FNDA:88,(anonymous_14)
DA:27,1
DA:30,1
DA:31,89
DA:32,89
DA:34,89
DA:35,74
DA:36,5
DA:39,74
DA:40,9
DA:44,89
DA:52,1
DA:53,88
DA:54,88
DA:55,88
DA:57,88
DA:58,88
DA:59,88
DA:60,88
DA:62,88
DA:63,8
DA:68,58
DA:69,1
DA:70,1
DA:71,1
DA:73,1
DA:75,1
DA:76,1
DA:77,1
DA:82,58
DA:83,12
DA:84,21
DA:87,58
DA:88,2
DA:90,58
DA:91,2
DA:92,2
DA:93,2
DA:97,58
DA:98,2
DA:100,58
DA:101,1
DA:102,1
DA:103,1
DA:108,58
DA:109,27
DA:111,58
DA:112,71
DA:114,58
DA:115,33
DA:118,1
DA:120,58
DA:121,88
DA:124,58
LF:53
LH:53
BRDA:34,1,0,74
BRDA:34,1,1,15
BRDA:35,2,0,5
BRDA:35,2,1,69
BRDA:39,3,0,9
BRDA:39,3,1,65
BRDA:62,4,0,8
BRDA:62,4,1,80
BRDA:75,5,0,1
BRDA:75,5,1,0
BRDA:76,6,0,1
BRDA:76,6,1,0
BRDA:92,7,0,2
BRDA:92,7,1,0
BRDA:102,8,0,1
BRDA:102,8,1,0
BRF:16
BRH:12
end_of_record
TN:
SF:/home/travis/build/DeltaGraphs/norris-nrti/frontend/app/Model/FlowsModel/Flow.js
FN:26,(anonymous_1)
FN:28,Flow
FN:39,(anonymous_3)
FN:46,(anonymous_4)
FN:50,FlowFactory
FN:52,(anonymous_6)
FNF:6
FNH:5
FNDA:254,(anonymous_1)
FNDA:350,Flow
FNDA:10,(anonymous_3)
FNDA:61,(anonymous_4)
FNDA:0,FlowFactory
FNDA:350,(anonymous_6)
DA:25,1
DA:28,1
DA:30,350
DA:32,350
DA:33,344
DA:34,25
DA:39,254
DA:40,10
DA:41,10
DA:42,10
DA:46,254
DA:47,61
DA:50,1
DA:52,254
DA:53,350
DA:55,254
LF:16
LH:16
BRDA:32,1,0,344
BRDA:32,1,1,6
BRDA:33,2,0,25
BRDA:33,2,1,319
BRDA:40,3,0,10
BRDA:40,3,1,0
BRDA:41,4,0,10
BRDA:41,4,1,0
BRF:8
BRH:6
end_of_record
TN:
SF:/home/travis/build/DeltaGraphs/norris-nrti/frontend/app/Model/FlowsModel/LineChartFlow.js
FN:30,(anonymous_1)
FN:32,split
FN:66,LineChartFlow
FN:96,(anonymous_4)
FN:121,(anonymous_5)
FN:132,(anonymous_6)
FN:135,(anonymous_7)
FN:142,(anonymous_8)
FN:145,(anonymous_9)
FN:153,(anonymous_10)
FN:156,(anonymous_11)
FN:159,(anonymous_12)
FN:162,(anonymous_13)
FN:165,(anonymous_14)
FN:168,(anonymous_15)
FN:172,LineChartFlowFactory
FN:174,(anonymous_17)
FNF:17
FNH:16
FNDA:86,(anonymous_1)
FNDA:99,split
FNDA:95,LineChartFlow
FNDA:4,(anonymous_4)
FNDA:17,(anonymous_5)
FNDA:3,(anonymous_6)
FNDA:2,(anonymous_7)
FNDA:2,(anonymous_8)
FNDA:2,(anonymous_9)
FNDA:27,(anonymous_10)
FNDA:76,(anonymous_11)
FNDA:75,(anonymous_12)
FNDA:3,(anonymous_13)
FNDA:27,(anonymous_14)
FNDA:3,(anonymous_15)
FNDA:0,LineChartFlowFactory
FNDA:95,(anonymous_17)
DA:29,1
DA:32,1
DA:33,99
DA:34,99
DA:36,99
DA:37,76
DA:38,6
DA:40,76
DA:41,11
DA:44,76
DA:45,13
DA:47,76
DA:48,11
DA:50,76
DA:51,11
DA:53,76
DA:54,13
DA:58,99
DA:66,1
DA:67,95
DA:68,95
DA:69,95
DA:70,95
DA:71,95
DA:73,95
DA:74,95
DA:75,95
DA:77,95
DA:79,95
DA:81,11
DA:82,9
DA:84,11
DA:85,7
DA:87,11
DA:88,7
DA:90,11
DA:91,9
DA:96,86
DA:97,4
DA:98,4
DA:99,4
DA:100,4
DA:102,4
DA:104,4
DA:105,4
DA:106,4
DA:108,4
DA:109,4
DA:111,4
DA:112,4
DA:114,4
DA:115,4
DA:121,86
DA:122,17
DA:123,31
DA:124,29
DA:127,2
DA:128,2
DA:132,86
DA:133,3
DA:135,86
DA:136,2
DA:137,2
DA:138,2
DA:142,86
DA:143,2
DA:145,86
DA:146,2
DA:147,2
DA:148,2
DA:153,86
DA:154,27
DA:156,86
DA:157,76
DA:159,86
DA:160,75
DA:162,86
DA:163,3
DA:165,86
DA:166,27
DA:168,86
DA:169,3
DA:172,1
DA:174,86
DA:175,95
DA:178,86
LF:86
LH:86
BRDA:36,1,0,76
BRDA:36,1,1,23
BRDA:37,2,0,6
BRDA:37,2,1,70
BRDA:40,3,0,11
BRDA:40,3,1,65
BRDA:44,4,0,13
BRDA:44,4,1,63
BRDA:47,5,0,11
BRDA:47,5,1,65
BRDA:50,6,0,11
BRDA:50,6,1,65
BRDA:53,7,0,13
BRDA:53,7,1,63
BRDA:79,8,0,11
BRDA:79,8,1,84
BRDA:81,9,0,9
BRDA:81,9,1,2
BRDA:84,10,0,7
BRDA:84,10,1,4
BRDA:87,11,0,7
BRDA:87,11,1,4
BRDA:90,12,0,9
BRDA:90,12,1,2
BRDA:97,13,0,4
BRDA:97,13,1,0
BRDA:104,14,0,4
BRDA:104,14,1,0
BRDA:105,15,0,4
BRDA:105,15,1,0
BRDA:108,16,0,4
BRDA:108,16,1,0
BRDA:111,17,0,4
BRDA:111,17,1,0
BRDA:114,18,0,4
BRDA:114,18,1,0
BRDA:123,19,0,29
BRDA:123,19,1,2
BRDA:123,20,0,31
BRDA:123,20,1,5
BRDA:137,21,0,2
BRDA:137,21,1,0
BRDA:147,22,0,2
BRDA:147,22,1,0
BRF:44
BRH:36
end_of_record
TN:
SF:/home/travis/build/DeltaGraphs/norris-nrti/frontend/app/Model/FlowsModel/MapChartFlow.js
FN:28,(anonymous_1)
FN:30,split
FN:58,MapChartFlow
FN:83,(anonymous_4)
FN:106,(anonymous_5)
FN:117,(anonymous_6)
FN:120,(anonymous_7)
FN:128,(anonymous_8)
FN:131,(anonymous_9)
FN:139,(anonymous_10)
FN:142,(anonymous_11)
FN:145,(anonymous_12)
FN:148,(anonymous_13)
FN:151,(anonymous_14)
FN:155,MapChartFlowFactory
FN:157,(anonymous_16)
FNF:16
FNH:15
FNDA:61,(anonymous_1)
FNDA:91,split
FNDA:88,MapChartFlow
FNDA:3,(anonymous_4)
FNDA:14,(anonymous_5)
FNDA:2,(anonymous_6)
FNDA:2,(anonymous_7)
FNDA:2,(anonymous_8)
FNDA:2,(anonymous_9)
FNDA:2,(anonymous_10)
FNDA:38,(anonymous_11)
FNDA:3,(anonymous_12)
FNDA:3,(anonymous_13)
FNDA:3,(anonymous_14)
FNDA:0,MapChartFlowFactory
FNDA:88,(anonymous_16)
DA:27,1
DA:30,1
DA:31,91
DA:32,91
DA:34,91
DA:35,71
DA:36,9
DA:39,71
DA:40,9
DA:42,71
DA:43,9
DA:45,71
DA:46,30
DA:50,91
DA:58,1
DA:59,88
DA:60,88
DA:61,88
DA:62,88
DA:64,88
DA:65,88
DA:66,88
DA:68,88
DA:70,88
DA:71,28
DA:72,6
DA:74,28
DA:75,6
DA:77,28
DA:78,27
DA:83,61
DA:84,3
DA:85,3
DA:86,3
DA:87,3
DA:89,3
DA:90,3
DA:92,3
DA:93,3
DA:94,3
DA:96,3
DA:97,3
DA:99,3
DA:100,3
DA:106,61
DA:107,14
DA:108,24
DA:109,22
DA:112,2
DA:113,2
DA:117,61
DA:118,2
DA:120,61
DA:121,2
DA:122,2
DA:123,2
DA:128,61
DA:129,2
DA:131,61
DA:132,2
DA:133,2
DA:134,2
DA:139,61
DA:140,2
DA:142,61
DA:143,38
DA:145,61
DA:146,3
DA:148,61
DA:149,3
DA:151,61
DA:152,3
DA:155,1
DA:157,61
DA:158,88
DA:161,61
LF:76
LH:76
BRDA:34,1,0,71
BRDA:34,1,1,20
BRDA:35,2,0,9
BRDA:35,2,1,62
BRDA:39,3,0,9
BRDA:39,3,1,62
BRDA:42,4,0,9
BRDA:42,4,1,62
BRDA:45,5,0,30
BRDA:45,5,1,41
BRDA:70,6,0,28
BRDA:70,6,1,60
BRDA:71,7,0,6
BRDA:71,7,1,22
BRDA:74,8,0,6
BRDA:74,8,1,22
BRDA:77,9,0,27
BRDA:77,9,1,1
BRDA:84,10,0,3
BRDA:84,10,1,0
BRDA:92,11,0,3
BRDA:92,11,1,0
BRDA:93,12,0,3
BRDA:93,12,1,0
BRDA:96,13,0,3
BRDA:96,13,1,0
BRDA:99,14,0,3
BRDA:99,14,1,0
BRDA:108,15,0,22
BRDA:108,15,1,2
BRDA:108,16,0,24
BRDA:108,16,1,3
BRDA:122,17,0,2
BRDA:122,17,1,0
BRDA:133,18,0,2
BRDA:133,18,1,0
BRF:36
BRH:29
end_of_record
TN:
SF:/home/travis/build/DeltaGraphs/norris-nrti/frontend/app/Model/FlowsModel/TableFlow.js
FN:28,(anonymous_1)
FN:30,split
FN:52,TableFlow
FN:67,(anonymous_4)
FN:85,(anonymous_5)
FN:105,(anonymous_6)
FN:108,(anonymous_7)
FN:115,(anonymous_8)
FN:118,(anonymous_9)
FN:126,(anonymous_10)
FN:129,(anonymous_11)
FN:132,(anonymous_12)
FN:136,TableFlowFactory
FN:138,(anonymous_14)
FNF:14
FNH:13
FNDA:44,(anonymous_1)
FNDA:69,split
FNDA:68,TableFlow
FNDA:1,(anonymous_4)
FNDA:17,(anonymous_5)
FNDA:2,(anonymous_6)
FNDA:2,(anonymous_7)
FNDA:2,(anonymous_8)
FNDA:2,(anonymous_9)
FNDA:2,(anonymous_10)
FNDA:72,(anonymous_11)
FNDA:3,(anonymous_12)
FNDA:0,TableFlowFactory
FNDA:68,(anonymous_14)
DA:27,1
DA:30,1
DA:31,69
DA:32,69
DA:34,69
DA:35,54
DA:36,4
DA:39,54
DA:40,6
DA:44,69
DA:52,1
DA:53,68
DA:54,68
DA:56,68
DA:57,68
DA:58,68
DA:60,68
DA:62,68
DA:63,5
DA:67,44
DA:68,1
DA:69,1
DA:70,1
DA:71,1
DA:73,1
DA:74,1
DA:77,1
DA:78,1
DA:79,1
DA:85,44
DA:86,17
DA:87,31
DA:88,28
DA:89,7
DA:90,21
DA:91,21
DA:95,3
DA:96,1
DA:97,1
DA:98,2
DA:99,2
DA:100,2
DA:105,44
DA:106,2
DA:108,44
DA:109,2
DA:110,2
DA:111,2
DA:115,44
DA:116,2
DA:118,44
DA:119,2
DA:120,2
DA:121,2
DA:126,44
DA:127,2
DA:129,44
DA:130,72
DA:132,44
DA:133,3
DA:136,1
DA:138,44
DA:139,68
DA:142,44
LF:64
LH:64
BRDA:34,1,0,54
BRDA:34,1,1,15
BRDA:35,2,0,4
BRDA:35,2,1,50
BRDA:39,3,0,6
BRDA:39,3,1,48
BRDA:62,4,0,5
BRDA:62,4,1,63
BRDA:68,5,0,1
BRDA:68,5,1,0
BRDA:73,6,0,1
BRDA:73,6,1,0
BRDA:77,7,0,1
BRDA:77,7,1,0
BRDA:78,8,0,1
BRDA:78,8,1,0
BRDA:87,9,0,28
BRDA:87,9,1,3
BRDA:87,10,0,31
BRDA:87,10,1,6
BRDA:88,11,0,7
BRDA:88,11,1,21
BRDA:90,12,0,21
BRDA:90,12,1,0
BRDA:95,13,0,1
BRDA:95,13,1,2
BRDA:98,14,0,2
BRDA:98,14,1,0
BRDA:110,15,0,2
BRDA:110,15,1,0
BRDA:120,16,0,2
BRDA:120,16,1,0
BRF:32
BRH:24
end_of_record
TN:
SF:/home/travis/build/DeltaGraphs/norris-nrti/frontend/app/Model/PagesModel/Page.js
FN:30,(anonymous_1)
FN:33,Page
FN:68,(anonymous_3)
FN:86,(anonymous_4)
FN:94,(anonymous_5)
FN:110,(anonymous_6)
FN:113,(anonymous_7)
FN:116,(anonymous_8)
FN:119,(anonymous_9)
FN:122,(anonymous_10)
FN:125,(anonymous_11)
FN:130,PageFactory
FN:132,(anonymous_13)
FNF:13
FNH:12
FNDA:33,(anonymous_1)
FNDA:35,Page
FNDA:5,(anonymous_3)
FNDA:1,(anonymous_4)
FNDA:25,(anonymous_5)
FNDA:6,(anonymous_6)
FNDA:13,(anonymous_7)
FNDA:12,(anonymous_8)
FNDA:4,(anonymous_9)
FNDA:4,(anonymous_10)
FNDA:7,(anonymous_11)
FNDA:0,PageFactory
FNDA:35,(anonymous_13)
DA:29,1
DA:33,1
DA:35,35
DA:36,35
DA:37,35
DA:38,35
DA:39,35
DA:40,35
DA:43,35
DA:44,14
DA:45,9
DA:47,14
DA:48,9
DA:50,14
DA:51,8
DA:53,14
DA:54,8
DA:56,14
DA:57,8
DA:59,14
DA:60,7
DA:61,21
DA:68,33
DA:69,5
DA:70,5
DA:71,5
DA:73,5
DA:74,4
DA:76,5
DA:77,4
DA:79,5
DA:80,4
DA:86,33
DA:87,1
DA:88,1
DA:89,2
DA:95,25
DA:96,25
DA:97,25
DA:98,23
DA:99,2
DA:102,25
DA:103,23
DA:110,33
DA:111,6
DA:113,33
DA:114,13
DA:116,33
DA:117,12
DA:119,33
DA:120,4
DA:122,33
DA:123,4
DA:125,33
DA:126,7
DA:130,1
DA:132,33
DA:133,35
DA:136,33
LF:59
LH:59
BRDA:43,1,0,14
BRDA:43,1,1,21
BRDA:44,2,0,9
BRDA:44,2,1,5
BRDA:47,3,0,9
BRDA:47,3,1,5
BRDA:50,4,0,8
BRDA:50,4,1,6
BRDA:53,5,0,8
BRDA:53,5,1,6
BRDA:56,6,0,8
BRDA:56,6,1,6
BRDA:59,7,0,7
BRDA:59,7,1,7
BRDA:69,8,0,5
BRDA:69,8,1,0
BRDA:70,9,0,5
BRDA:70,9,1,0
BRDA:73,10,0,4
BRDA:73,10,1,1
BRDA:76,11,0,4
BRDA:76,11,1,1
BRDA:79,12,0,4
BRDA:79,12,1,1
BRDA:87,13,0,1
BRDA:87,13,1,0
BRDA:95,14,0,25
BRDA:95,14,1,0
BRDA:98,15,0,2
BRDA:98,15,1,21
BRDA:102,16,0,23
BRDA:102,16,1,2
BRF:32
BRH:28
end_of_record
TN:
SF:/home/travis/build/DeltaGraphs/norris-nrti/frontend/app/Model/PagesModel/PagesList.js
FN:24,(anonymous_1)
FN:30,PagesList
FN:51,(anonymous_3)
FN:66,(anonymous_4)
FN:74,(anonymous_5)
FNF:5
FNH:5
FNDA:11,(anonymous_1)
FNDA:6,PagesList
FNDA:3,(anonymous_3)
FNDA:1,(anonymous_4)
FNDA:6,(anonymous_5)
DA:23,1
DA:27,11
DA:30,1
DA:32,6
DA:33,2
DA:34,2
DA:35,6
DA:36,6
DA:37,6
DA:38,2
DA:41,6
DA:42,4
DA:43,4
DA:51,11
DA:52,3
DA:53,3
DA:54,1
DA:55,1
DA:58,3
DA:59,2
DA:60,2
DA:66,11
DA:67,1
DA:68,1
DA:69,1
DA:74,11
DA:75,6
DA:78,11
LF:28
LH:28
BRDA:32,1,0,2
BRDA:32,1,1,4
BRDA:33,2,0,2
BRDA:33,2,1,0
BRDA:37,3,0,2
BRDA:37,3,1,4
BRDA:41,4,0,4
BRDA:41,4,1,2
BRDA:54,5,0,1
BRDA:54,5,1,0
BRDA:58,6,0,2
BRDA:58,6,1,1
BRDA:68,7,0,1
BRDA:68,7,1,0
BRF:14
BRH:11
end_of_record
TN:
SF:/home/travis/build/DeltaGraphs/norris-nrti/frontend/app/View/PagesView/PageView.js
FN:24,(anonymous_1)
FN:31,(anonymous_2)
FN:34,(anonymous_3)
FN:110,(anonymous_4)
FNF:4
FNH:3
FNDA:1,(anonymous_1)
FNDA:1,(anonymous_2)
FNDA:0,(anonymous_3)
FNDA:1,(anonymous_4)
DA:23,1
DA:25,1
DA:32,1
DA:34,1
DA:35,0
DA:36,0
DA:38,0
DA:39,0
DA:58,0
DA:59,0
DA:60,0
DA:61,0
DA:63,0
DA:64,0
DA:65,0
DA:66,0
DA:69,0
DA:70,0
DA:71,0
DA:72,0
DA:73,0
DA:74,0
DA:75,0
DA:76,0
DA:78,0
DA:79,0
DA:80,0
DA:81,0
DA:83,0
DA:84,0
DA:85,0
DA:86,0
DA:88,0
DA:89,0
DA:90,0
DA:91,0
DA:93,0
DA:94,0
DA:95,0
DA:96,0
DA:98,0
DA:99,0
DA:100,0
DA:106,0
DA:107,0
DA:110,1
DA:111,1
DA:112,0
LF:48
LH:6
BRDA:76,1,0,0
BRDA:76,1,1,0
BRDA:76,1,2,0
BRDA:76,1,3,0
BRDA:111,2,0,0
BRDA:111,2,1,1
BRF:6
BRH:1
end_of_record
TN:
SF:/home/travis/build/DeltaGraphs/norris-nrti/frontend/app/View/PagesView/PagesListView.js
FN:24,(anonymous_1)
FN:38,(anonymous_2)
FNF:2
FNH:0
FNDA:0,(anonymous_1)
FNDA:0,(anonymous_2)
DA:23,1
DA:25,0
DA:39,0
LF:3
LH:1
BRF:0
BRH:0
end_of_record
TN:
SF:/home/travis/build/DeltaGraphs/norris-nrti/frontend/app/View/GraphsView/BarChartView.js
FN:32,(anonymous_1)
FN:40,(anonymous_2)
FN:42,(anonymous_3)
FN:48,(anonymous_4)
FN:55,(anonymous_5)
FN:64,(anonymous_6)
FN:72,(anonymous_7)
FN:121,(anonymous_8)
FN:122,(anonymous_9)
FN:128,(anonymous_10)
FN:129,(anonymous_11)
FN:135,(anonymous_12)
FN:136,(anonymous_13)
FN:143,(anonymous_14)
FN:160,(anonymous_15)
FN:180,changePosition
FN:211,(anonymous_17)
FNF:17
FNH:10
FNDA:10,(anonymous_1)
FNDA:10,(anonymous_2)
FNDA:10,(anonymous_3)
FNDA:12,(anonymous_4)
FNDA:18,(anonymous_5)
FNDA:0,(anonymous_6)
FNDA:2,(anonymous_7)
FNDA:0,(anonymous_8)
FNDA:0,(anonymous_9)
FNDA:0,(anonymous_10)
FNDA:0,(anonymous_11)
FNDA:0,(anonymous_12)
FNDA:0,(anonymous_13)
FNDA:8,(anonymous_14)
FNDA:3,(anonymous_15)
FNDA:8,changePosition
FNDA:8,(anonymous_17)
DA:31,1
DA:33,10
DA:41,10
DA:42,10
DA:43,10
DA:44,10
DA:48,10
DA:49,12
DA:50,2
DA:51,2
DA:55,10
DA:56,18
DA:57,8
DA:58,8
DA:59,8
DA:64,10
DA:65,0
DA:66,0
DA:67,0
DA:68,0
DA:72,10
DA:73,2
DA:74,2
DA:75,2
DA:76,2
DA:77,2
DA:78,2
DA:79,1
DA:82,1
DA:84,2
DA:85,1
DA:88,1
DA:90,2
DA:91,1
DA:94,1
DA:96,2
DA:97,1
DA:102,1
DA:104,1
DA:105,1
DA:110,1
DA:114,2
DA:115,2
DA:120,10
DA:121,10
DA:122,0
DA:123,0
DA:128,10
DA:129,0
DA:130,0
DA:135,10
DA:136,0
DA:137,0
DA:142,10
DA:143,10
DA:144,8
DA:145,8
DA:146,8
DA:147,24
DA:148,24
DA:149,24
DA:150,24
DA:151,3
DA:154,21
DA:156,24
DA:157,3
DA:158,3
DA:160,24
DA:161,3
DA:162,0
DA:165,3
DA:170,24
DA:171,3
DA:173,24
DA:175,8
DA:176,8
DA:180,1
DA:182,8
DA:184,1
DA:185,1
DA:187,1
DA:188,1
DA:190,1
DA:191,1
DA:193,1
DA:194,1
DA:196,1
DA:197,1
DA:199,1
DA:200,1
DA:202,1
DA:203,1
DA:205,1
DA:206,1
DA:211,10
DA:212,8
DA:214,8
DA:215,0
DA:217,8
DA:219,8
DA:220,8
DA:222,8
DA:223,8
DA:224,8
DA:225,24
DA:226,1
DA:227,1
DA:228,1
DA:229,1
DA:230,1
DA:231,1
DA:232,1
DA:233,1
DA:234,1
DA:238,8
LF:115
LH:103
BRDA:43,1,0,10
BRDA:43,1,1,0
BRDA:49,2,0,2
BRDA:49,2,1,10
BRDA:56,3,0,8
BRDA:56,3,1,10
BRDA:58,4,0,8
BRDA:58,4,1,0
BRDA:78,5,0,1
BRDA:78,5,1,1
BRDA:84,6,0,1
BRDA:84,6,1,1
BRDA:90,7,0,1
BRDA:90,7,1,1
BRDA:96,8,0,1
BRDA:96,8,1,1
BRDA:104,9,0,1
BRDA:104,9,1,0
BRDA:150,10,0,3
BRDA:150,10,1,21
BRDA:150,11,0,24
BRDA:150,11,1,3
BRDA:161,12,0,0
BRDA:161,12,1,3
BRDA:165,13,0,0
BRDA:165,13,1,3
BRDA:182,14,0,1
BRDA:182,14,1,1
BRDA:182,14,2,1
BRDA:182,14,3,1
BRDA:182,14,4,1
BRDA:182,14,5,1
BRDA:182,14,6,1
BRDA:182,14,7,1
BRDA:214,15,0,0
BRDA:214,15,1,8
BRDA:222,16,0,8
BRDA:222,16,1,0
BRDA:225,17,0,1
BRDA:225,17,1,23
BRF:40
BRH:33
end_of_record
TN:
SF:/home/travis/build/DeltaGraphs/norris-nrti/frontend/app/View/GraphsView/LineChartView.js
FN:30,(anonymous_1)
FN:38,(anonymous_2)
FN:41,(anonymous_3)
FN:47,(anonymous_4)
FN:54,(anonymous_5)
FN:63,(anonymous_6)
FN:71,(anonymous_7)
FN:119,(anonymous_8)
FN:120,(anonymous_9)
FN:126,(anonymous_10)
FN:127,(anonymous_11)
FN:134,(anonymous_12)
FN:135,(anonymous_13)
FN:142,(anonymous_14)
FN:167,changePosition
FN:197,(anonymous_16)
FNF:16
FNH:9
FNDA:10,(anonymous_1)
FNDA:10,(anonymous_2)
FNDA:10,(anonymous_3)
FNDA:12,(anonymous_4)
FNDA:18,(anonymous_5)
FNDA:0,(anonymous_6)
FNDA:2,(anonymous_7)
FNDA:0,(anonymous_8)
FNDA:0,(anonymous_9)
FNDA:0,(anonymous_10)
FNDA:0,(anonymous_11)
FNDA:0,(anonymous_12)
FNDA:0,(anonymous_13)
FNDA:8,(anonymous_14)
FNDA:8,changePosition
FNDA:8,(anonymous_16)
DA:29,1
DA:31,10
DA:40,10
DA:41,10
DA:42,10
DA:43,10
DA:47,10
DA:48,12
DA:49,2
DA:50,2
DA:54,10
DA:55,18
DA:56,8
DA:57,8
DA:58,8
DA:63,10
DA:64,0
DA:65,0
DA:66,0
DA:71,10
DA:73,2
DA:74,2
DA:75,2
DA:77,2
DA:78,1
DA:80,1
DA:82,2
DA:83,1
DA:85,1
DA:87,2
DA:88,1
DA:91,1
DA:93,2
DA:94,1
DA:102,1
DA:112,2
DA:113,2
DA:119,10
DA:120,0
DA:121,0
DA:126,10
DA:127,0
DA:128,0
DA:133,10
DA:134,10
DA:135,0
DA:136,0
DA:141,10
DA:142,10
DA:143,8
DA:144,8
DA:146,8
DA:147,24
DA:148,24
DA:149,24
DA:150,24
DA:153,0
DA:155,24
DA:156,24
DA:157,3
DA:158,3
DA:160,24
DA:162,8
DA:163,8
DA:167,1
DA:168,8
DA:170,1
DA:171,1
DA:173,1
DA:174,1
DA:176,1
DA:177,1
DA:179,1
DA:180,1
DA:182,1
DA:183,1
DA:185,1
DA:186,1
DA:188,1
DA:189,1
DA:191,1
DA:192,1
DA:197,10
DA:198,8
DA:199,8
DA:200,0
DA:202,8
DA:204,8
DA:206,8
DA:207,8
DA:208,8
DA:209,24
DA:210,1
DA:211,1
DA:212,1
DA:213,1
DA:214,1
DA:215,1
DA:216,1
DA:217,1
DA:218,1
DA:222,8
LF:102
LH:91
BRDA:42,1,0,10
BRDA:42,1,1,0
BRDA:48,2,0,2
BRDA:48,2,1,10
BRDA:55,3,0,8
BRDA:55,3,1,10
BRDA:57,4,0,8
BRDA:57,4,1,0
BRDA:77,5,0,1
BRDA:77,5,1,1
BRDA:82,6,0,1
BRDA:82,6,1,1
BRDA:87,7,0,1
BRDA:87,7,1,1
BRDA:87,8,0,2
BRDA:87,8,1,1
BRDA:93,9,0,1
BRDA:93,9,1,1
BRDA:149,10,0,24
BRDA:149,10,1,0
BRDA:149,11,0,24
BRDA:149,11,1,24
BRDA:168,12,0,1
BRDA:168,12,1,1
BRDA:168,12,2,1
BRDA:168,12,3,1
BRDA:168,12,4,1
BRDA:168,12,5,1
BRDA:168,12,6,1
BRDA:168,12,7,1
BRDA:199,13,0,0
BRDA:199,13,1,8
BRDA:206,14,0,8
BRDA:206,14,1,0
BRDA:209,15,0,1
BRDA:209,15,1,23
BRF:36
BRH:31
end_of_record
TN:
SF:/home/travis/build/DeltaGraphs/norris-nrti/frontend/app/View/GraphsView/MapChartView.js
FN:30,(anonymous_1)
FN:39,(anonymous_2)
FN:41,(anonymous_3)
FN:47,(anonymous_4)
FN:54,(anonymous_5)
FN:67,getBoundsZoomLevel
FN:71,latRad
FN:77,zoom
FN:96,setZoom
FN:112,(anonymous_10)
FN:169,(anonymous_11)
FN:240,addLegendOnPoint
FN:242,(anonymous_13)
FN:252,changePosition
FN:290,(anonymous_15)
FNF:15
FNH:8
FNDA:7,(anonymous_1)
FNDA:7,(anonymous_2)
FNDA:7,(anonymous_3)
FNDA:7,(anonymous_4)
FNDA:14,(anonymous_5)
FNDA:0,getBoundsZoomLevel
FNDA:0,latRad
FNDA:0,zoom
FNDA:0,setZoom
FNDA:0,(anonymous_10)
FNDA:7,(anonymous_11)
FNDA:0,addLegendOnPoint
FNDA:0,(anonymous_13)
FNDA:7,changePosition
FNDA:7,(anonymous_15)
DA:29,1
DA:31,7
DA:41,7
DA:42,7
DA:43,7
DA:47,7
DA:48,7
DA:49,0
DA:50,0
DA:54,7
DA:55,14
DA:56,7
DA:57,7
DA:59,7
DA:63,7
DA:64,7
DA:65,7
DA:67,1
DA:68,0
DA:69,0
DA:71,1
DA:72,0
DA:73,0
DA:74,0
DA:77,1
DA:78,0
DA:81,0
DA:82,0
DA:84,0
DA:86,0
DA:87,0
DA:89,0
DA:90,0
DA:92,0
DA:96,1
DA:97,0
DA:98,0
DA:100,0
DA:101,0
DA:102,0
DA:104,0
DA:105,0
DA:106,0
DA:108,0
DA:112,7
DA:114,0
DA:117,0
DA:131,0
DA:134,0
DA:136,0
DA:137,0
DA:139,0
DA:140,0
DA:142,0
DA:143,0
DA:145,0
DA:146,0
DA:149,0
DA:150,0
DA:151,0
DA:153,0
DA:154,0
DA:156,0
DA:163,0
DA:169,7
DA:171,7
DA:172,0
DA:174,7
DA:176,7
DA:179,0
DA:180,0
DA:181,0
DA:182,0
DA:183,0
DA:185,0
DA:186,0
DA:188,0
DA:189,0
DA:191,0
DA:192,0
DA:194,0
DA:195,0
DA:197,0
DA:198,0
DA:200,0
DA:201,0
DA:203,0
DA:208,0
DA:210,0
DA:215,0
DA:217,0
DA:225,0
DA:227,0
DA:228,0
DA:230,0
DA:240,1
DA:242,0
DA:245,0
DA:246,0
DA:252,1
DA:253,7
DA:255,0
DA:256,0
DA:257,0
DA:259,1
DA:260,1
DA:261,1
DA:263,1
DA:264,1
DA:265,1
DA:267,1
DA:268,1
DA:269,1
DA:271,1
DA:272,1
DA:273,1
DA:275,1
DA:276,1
DA:277,1
DA:279,1
DA:280,1
DA:281,1
DA:283,1
DA:284,1
DA:285,1
DA:290,7
DA:291,7
DA:292,7
DA:294,7
DA:296,7
DA:297,0
DA:299,7
DA:300,7
DA:301,7
DA:302,21
DA:303,0
DA:305,0
DA:310,0
DA:311,0
DA:312,0
DA:313,0
DA:314,0
DA:315,0
DA:316,0
LF:144
LH:57
BRDA:42,1,0,7
BRDA:42,1,1,0
BRDA:48,2,0,0
BRDA:48,2,1,7
BRDA:55,3,0,7
BRDA:55,3,1,7
BRDA:56,4,0,7
BRDA:56,4,1,0
BRDA:87,5,0,0
BRDA:87,5,1,0
BRDA:134,6,0,0
BRDA:134,6,1,0
BRDA:134,6,2,0
BRDA:134,6,3,0
BRDA:150,7,0,0
BRDA:150,7,1,0
BRDA:183,8,0,0
BRDA:183,8,1,0
BRDA:183,8,2,0
BRDA:186,9,0,0
BRDA:186,9,1,0
BRDA:186,9,2,0
BRDA:186,9,3,0
BRDA:186,9,4,0
BRDA:227,10,0,0
BRDA:227,10,1,0
BRDA:253,11,0,0
BRDA:253,11,1,1
BRDA:253,11,2,1
BRDA:253,11,3,1
BRDA:253,11,4,1
BRDA:253,11,5,1
BRDA:253,11,6,1
BRDA:253,11,7,1
BRDA:299,12,0,7
BRDA:299,12,1,0
BRDA:302,13,0,0
BRDA:302,13,1,21
BRF:38
BRH:14
end_of_record
TN:
SF:/home/travis/build/DeltaGraphs/norris-nrti/frontend/app/View/GraphsView/TableView.js
FN:30,(anonymous_1)
FN:38,(anonymous_2)
FN:40,(anonymous_3)
FN:46,(anonymous_4)
FN:57,(anonymous_5)
FN:172,(anonymous_6)
FNF:6
FNH:6
FNDA:3,(anonymous_1)
FNDA:3,(anonymous_2)
FNDA:3,(anonymous_3)
FNDA:6,(anonymous_4)
FNDA:1,(anonymous_5)
FNDA:3,(anonymous_6)
DA:29,1
DA:31,3
DA:40,3
DA:41,3
DA:42,3
DA:46,3
DA:47,6
DA:48,3
DA:49,3
DA:50,1
DA:51,1
DA:57,3
DA:58,1
DA:59,1
DA:60,1
DA:61,1
DA:63,1
DA:64,1
DA:65,1
DA:67,1
DA:68,0
DA:69,0
DA:71,1
DA:72,1
DA:73,1
DA:74,1
DA:77,1
DA:78,1
DA:79,4
DA:80,4
DA:81,4
DA:82,4
DA:86,1
DA:88,1
DA:89,1
DA:90,4
DA:91,4
DA:92,4
DA:94,4
DA:95,4
DA:97,0
DA:99,4
DA:100,0
DA:101,0
DA:104,4
DA:107,1
DA:110,1
DA:111,1
DA:112,0
DA:115,1
DA:116,1
DA:117,4
DA:118,2
DA:119,1
DA:122,1
DA:126,2
DA:127,0
DA:130,2
DA:134,1
DA:138,0
DA:141,1
DA:142,4
DA:143,4
DA:144,4
DA:145,4
DA:146,4
DA:147,4
DA:149,0
DA:151,4
DA:153,1
DA:155,1
DA:161,1
DA:163,1
DA:164,1
DA:167,3
DA:168,3
DA:172,3
DA:173,3
DA:176,3
DA:177,6
DA:178,6
DA:179,6
DA:180,6
DA:181,21
DA:182,0
DA:184,21
DA:186,6
DA:190,3
LF:88
LH:78
BRDA:41,1,0,3
BRDA:41,1,1,0
BRDA:47,2,0,3
BRDA:47,2,1,3
BRDA:49,3,0,1
BRDA:49,3,1,2
BRDA:49,4,0,3
BRDA:49,4,1,3
BRDA:63,5,0,1
BRDA:63,5,1,0
BRDA:67,6,0,0
BRDA:67,6,1,1
BRDA:77,7,0,1
BRDA:77,7,1,0
BRDA:77,8,0,1
BRDA:77,8,1,1
BRDA:91,9,0,4
BRDA:91,9,1,0
BRDA:94,10,0,4
BRDA:94,10,1,0
BRDA:94,11,0,4
BRDA:94,11,1,0
BRDA:99,12,0,0
BRDA:99,12,1,4
BRDA:99,13,0,4
BRDA:99,13,1,0
BRDA:110,14,0,1
BRDA:110,14,1,0
BRDA:111,15,0,0
BRDA:111,15,1,1
BRDA:117,16,0,2
BRDA:117,16,1,2
BRDA:118,17,0,1
BRDA:118,17,1,1
BRDA:126,18,0,0
BRDA:126,18,1,2
BRDA:146,19,0,4
BRDA:146,19,1,0
BRDA:146,20,0,4
BRDA:146,20,1,0
BRDA:181,21,0,0
BRDA:181,21,1,21
BRF:42
BRH:27
end_of_record
TN:
SF:/home/travis/build/DeltaGraphs/norris-nrti/frontend/app/Controller/RootController.js
FN:21,(anonymous_1)
FN:23,(anonymous_2)
FNF:2
FNH:2
FNDA:1,(anonymous_1)
FNDA:1,(anonymous_2)
DA:20,1
DA:22,1
DA:23,1
DA:24,1
LF:4
LH:4
BRF:0
BRH:0
end_of_record
TN:
SF:/home/travis/build/DeltaGraphs/norris-nrti/frontend/app/Controller/GraphsControllers/BarChartController.js
FN:20,(anonymous_1)
FN:29,(anonymous_2)
FN:40,(anonymous_3)
FN:41,(anonymous_4)
FN:50,(anonymous_5)
FN:55,(anonymous_6)
FN:61,(anonymous_7)
FN:65,(anonymous_8)
FN:73,(anonymous_9)
FNF:9
FNH:3
FNDA:13,(anonymous_1)
FNDA:11,(anonymous_2)
FNDA:11,(anonymous_3)
FNDA:0,(anonymous_4)
FNDA:0,(anonymous_5)
FNDA:0,(anonymous_6)
FNDA:0,(anonymous_7)
FNDA:0,(anonymous_8)
FNDA:0,(anonymous_9)
DA:19,1
DA:22,13
DA:25,13
DA:26,13
DA:29,13
DA:30,11
DA:31,11
DA:32,11
DA:35,13
DA:36,13
DA:37,13
DA:40,13
DA:41,11
DA:42,0
DA:43,0
DA:44,0
DA:45,0
DA:46,0
DA:47,0
DA:50,11
DA:51,0
DA:52,0
DA:53,0
DA:55,11
DA:56,0
DA:57,0
DA:58,0
DA:59,0
DA:61,11
DA:62,0
DA:63,0
DA:65,11
DA:66,0
DA:67,0
DA:68,0
DA:71,0
DA:73,11
DA:74,0
DA:76,0
DA:77,0
DA:79,0
DA:80,0
DA:82,0
DA:83,0
DA:85,0
DA:86,0
DA:88,0
DA:93,13
DA:96,13
DA:97,13
DA:98,13
LF:51
LH:22
BRDA:42,1,0,0
BRDA:42,1,1,0
BRDA:67,2,0,0
BRDA:67,2,1,0
BRDA:74,3,0,0
BRDA:74,3,1,0
BRDA:74,3,2,0
BRDA:74,3,3,0
BRF:8
BRH:0
end_of_record
TN:
SF:/home/travis/build/DeltaGraphs/norris-nrti/frontend/app/Controller/GraphsControllers/LineChartController.js
FN:20,(anonymous_1)
FN:27,(anonymous_2)
FN:37,(anonymous_3)
FN:38,(anonymous_4)
FN:47,(anonymous_5)
FN:51,(anonymous_6)
FN:58,(anonymous_7)
FN:63,(anonymous_8)
FN:71,(anonymous_9)
FNF:9
FNH:3
FNDA:13,(anonymous_1)
FNDA:11,(anonymous_2)
FNDA:11,(anonymous_3)
FNDA:0,(anonymous_4)
FNDA:0,(anonymous_5)
FNDA:0,(anonymous_6)
FNDA:0,(anonymous_7)
FNDA:0,(anonymous_8)
FNDA:0,(anonymous_9)
DA:19,1
DA:22,13
DA:23,13
DA:24,13
DA:27,13
DA:28,11
DA:29,11
DA:30,11
DA:32,13
DA:33,13
DA:34,13
DA:37,13
DA:38,11
DA:39,0
DA:40,0
DA:41,0
DA:42,0
DA:43,0
DA:44,0
DA:47,11
DA:48,0
DA:49,0
DA:51,11
DA:52,0
DA:53,0
DA:54,0
DA:55,0
DA:56,0
DA:58,11
DA:59,0
DA:60,0
DA:61,0
DA:63,11
DA:64,0
DA:65,0
DA:66,0
DA:69,0
DA:71,11
DA:72,0
DA:74,0
DA:75,0
DA:77,0
DA:78,0
DA:80,0
DA:81,0
DA:83,0
DA:84,0
DA:86,0
DA:90,13
DA:93,13
DA:94,13
DA:95,13
LF:52
LH:22
BRDA:39,1,0,0
BRDA:39,1,1,0
BRDA:65,2,0,0
BRDA:65,2,1,0
BRDA:72,3,0,0
BRDA:72,3,1,0
BRDA:72,3,2,0
BRDA:72,3,3,0
BRF:8
BRH:0
end_of_record
TN:
SF:/home/travis/build/DeltaGraphs/norris-nrti/frontend/app/Controller/GraphsControllers/MapChartController.js
FN:22,(anonymous_1)
FN:30,(anonymous_2)
FN:45,(anonymous_3)
FN:46,(anonymous_4)
FN:55,(anonymous_5)
FN:59,(anonymous_6)
FN:65,(anonymous_7)
FN:69,(anonymous_8)
FN:77,(anonymous_9)
FNF:9
FNH:3
FNDA:10,(anonymous_1)
FNDA:8,(anonymous_2)
FNDA:8,(anonymous_3)
FNDA:0,(anonymous_4)
FNDA:0,(anonymous_5)
FNDA:0,(anonymous_6)
FNDA:0,(anonymous_7)
FNDA:0,(anonymous_8)
FNDA:0,(anonymous_9)
DA:21,1
DA:24,10
DA:25,10
DA:26,10
DA:29,10
DA:30,10
DA:31,8
DA:32,8
DA:33,8
DA:34,8
DA:35,8
DA:39,10
DA:40,10
DA:41,10
DA:42,10
DA:45,10
DA:46,8
DA:47,0
DA:48,0
DA:49,0
DA:50,0
DA:51,0
DA:52,0
DA:55,8
DA:56,0
DA:57,0
DA:59,8
DA:60,0
DA:61,0
DA:62,0
DA:63,0
DA:65,8
DA:66,0
DA:67,0
DA:69,8
DA:70,0
DA:71,0
DA:72,0
DA:75,0
DA:77,8
DA:78,0
DA:80,0
DA:81,0
DA:83,0
DA:84,0
DA:86,0
DA:87,0
DA:89,0
DA:90,0
DA:92,0
DA:97,10
DA:100,10
DA:101,10
LF:53
LH:25
BRDA:31,1,0,8
BRDA:31,1,1,0
BRDA:47,2,0,0
BRDA:47,2,1,0
BRDA:71,3,0,0
BRDA:71,3,1,0
BRDA:78,4,0,0
BRDA:78,4,1,0
BRDA:78,4,2,0
BRDA:78,4,3,0
BRF:10
BRH:1
end_of_record
TN:
SF:/home/travis/build/DeltaGraphs/norris-nrti/frontend/app/Controller/GraphsControllers/TableController.js
FN:19,(anonymous_1)
FN:26,(anonymous_2)
FN:37,(anonymous_3)
FN:38,(anonymous_4)
FN:47,(anonymous_5)
FN:53,(anonymous_6)
FN:59,(anonymous_7)
FN:63,(anonymous_8)
FN:71,(anonymous_9)
FNF:9
FNH:3
FNDA:6,(anonymous_1)
FNDA:4,(anonymous_2)
FNDA:4,(anonymous_3)
FNDA:0,(anonymous_4)
FNDA:0,(anonymous_5)
FNDA:0,(anonymous_6)
FNDA:0,(anonymous_7)
FNDA:0,(anonymous_8)
FNDA:0,(anonymous_9)
DA:18,1
DA:21,6
DA:22,6
DA:23,6
DA:26,6
DA:27,4
DA:28,4
DA:29,4
DA:32,6
DA:33,6
DA:34,6
DA:37,6
DA:38,4
DA:39,0
DA:40,0
DA:41,0
DA:42,0
DA:43,0
DA:44,0
DA:47,4
DA:48,0
DA:49,0
DA:50,0
DA:51,0
DA:53,4
DA:54,0
DA:55,0
DA:56,0
DA:57,0
DA:59,4
DA:60,0
DA:61,0
DA:63,4
DA:64,0
DA:65,0
DA:66,0
DA:69,0
DA:71,4
DA:72,0
DA:74,0
DA:75,0
DA:77,0
DA:78,0
DA:80,0
DA:81,0
DA:83,0
DA:84,0
DA:86,0
DA:92,6
DA:93,6
LF:50
LH:20
BRDA:39,1,0,0
BRDA:39,1,1,0
BRDA:65,2,0,0
BRDA:65,2,1,0
BRDA:72,3,0,0
BRDA:72,3,1,0
BRDA:72,3,2,0
BRDA:72,3,3,0
BRF:8
BRH:0
end_of_record
TN:
SF:/home/travis/build/DeltaGraphs/norris-nrti/frontend/app/Controller/PagesControllers/PageController.js
FN:20,(anonymous_1)
FN:40,(anonymous_2)
FN:47,(anonymous_3)
FN:48,(anonymous_4)
FN:56,(anonymous_5)
FN:71,matrix
FNF:6
FNH:4
FNDA:3,(anonymous_1)
FNDA:1,(anonymous_2)
FNDA:1,(anonymous_3)
FNDA:0,(anonymous_4)
FNDA:0,(anonymous_5)
FNDA:1,matrix
DA:19,1
DA:23,3
DA:24,3
DA:35,3
DA:37,3
DA:40,3
DA:41,1
DA:42,1
DA:43,1
DA:47,3
DA:48,1
DA:49,0
DA:50,0
DA:51,0
DA:56,1
DA:57,0
DA:58,0
DA:71,1
DA:72,1
DA:73,1
DA:74,1
DA:75,1
DA:76,1
DA:77,0
DA:78,0
DA:80,1
DA:81,0
DA:82,0
DA:84,1
DA:85,0
DA:86,0
DA:87,0
DA:88,0
DA:91,1
DA:94,3
DA:95,3
DA:96,3
DA:99,3
DA:100,3
DA:101,3
LF:40
LH:27
BRDA:76,1,0,0
BRDA:76,1,1,1
BRDA:80,2,0,0
BRDA:80,2,1,1
BRDA:84,3,0,1
BRDA:84,3,1,0
BRDA:86,4,0,0
BRDA:86,4,1,0
BRF:8
BRH:3
end_of_record
TN:
SF:/home/travis/build/DeltaGraphs/norris-nrti/frontend/app/Controller/PagesControllers/PagesListController.js
FN:20,(anonymous_1)
FN:28,(anonymous_2)
FN:35,(anonymous_3)
FN:36,(anonymous_4)
FN:40,(anonymous_5)
FN:44,(anonymous_6)
FNF:6
FNH:3
FNDA:2,(anonymous_1)
FNDA:1,(anonymous_2)
FNDA:1,(anonymous_3)
FNDA:0,(anonymous_4)
FNDA:0,(anonymous_5)
FNDA:0,(anonymous_6)
DA:19,1
DA:22,2
DA:23,2
DA:25,2
DA:28,2
DA:29,1
DA:30,1
DA:31,1
DA:35,2
DA:36,1
DA:37,0
DA:38,0
DA:40,1
DA:41,0
DA:42,0
DA:44,1
DA:45,0
DA:46,0
DA:51,2
DA:52,2
DA:55,2
DA:56,2
LF:22
LH:16
BRF:0
BRH:0
end_of_record
