TN:
SF:/home/travis/build/DeltaGraphs/norris-nrti/frontend/app/Model/SocketServices.js
FN:20,(anonymous_1)
FN:22,SocketServices
FN:25,(anonymous_3)
FN:26,(anonymous_4)
FN:28,(anonymous_5)
FN:33,(anonymous_6)
FN:34,(anonymous_7)
FN:36,(anonymous_8)
FN:46,SocketServicesFactory
FN:48,(anonymous_10)
FNF:10
FNH:4
FNDA:17,(anonymous_1)
FNDA:6,SocketServices
FNDA:29,(anonymous_3)
FNDA:0,(anonymous_4)
FNDA:0,(anonymous_5)
FNDA:0,(anonymous_6)
FNDA:0,(anonymous_7)
FNDA:0,(anonymous_8)
FNDA:0,SocketServicesFactory
FNDA:6,(anonymous_10)
DA:19,1
DA:22,1
DA:23,6
DA:24,6
DA:26,29
DA:27,0
DA:28,0
DA:29,0
DA:34,0
DA:35,0
DA:36,0
DA:37,0
DA:38,0
DA:46,1
DA:48,17
DA:49,6
DA:52,17
LF:17
LH:9
BRDA:37,1,0,0
BRDA:37,1,1,0
BRF:2
BRH:0
end_of_record
TN:
SF:/home/travis/build/DeltaGraphs/norris-nrti/frontend/app/Model/UrlProvider.js
FN:21,(anonymous_1)
FN:23,UrlProvider
FN:27,(anonymous_3)
FN:30,(anonymous_4)
FNF:4
FNH:4
FNDA:5,(anonymous_1)
FNDA:2,UrlProvider
FNDA:2,(anonymous_3)
FNDA:4,(anonymous_4)
DA:20,1
DA:23,1
DA:24,2
DA:27,5
DA:28,2
DA:30,5
DA:31,4
DA:33,5
LF:8
LH:8
BRF:0
BRH:0
end_of_record
TN:
SF:/home/travis/build/DeltaGraphs/norris-nrti/frontend/app/Model/GraphsModel/Axis.js
FN:28,(anonymous_1)
FN:31,Axis
FN:64,(anonymous_3)
FN:87,(anonymous_4)
FN:90,(anonymous_5)
FN:93,(anonymous_6)
FN:96,(anonymous_7)
FN:99,(anonymous_8)
FN:102,(anonymous_9)
FN:107,AxisFactory
FN:109,(anonymous_11)
FNF:11
FNH:10
FNDA:90,(anonymous_1)
FNDA:48,Axis
FNDA:6,(anonymous_3)
FNDA:3,(anonymous_4)
FNDA:3,(anonymous_5)
FNDA:3,(anonymous_6)
FNDA:3,(anonymous_7)
FNDA:3,(anonymous_8)
FNDA:3,(anonymous_9)
FNDA:0,AxisFactory
FNDA:48,(anonymous_11)
DA:27,1
DA:31,1
DA:33,48
DA:34,48
DA:35,48
DA:36,48
DA:37,48
DA:38,48
DA:41,48
DA:42,35
DA:43,35
DA:45,35
DA:46,7
DA:48,35
DA:49,7
DA:51,35
DA:52,7
DA:54,35
DA:55,7
DA:57,35
DA:58,7
DA:64,90
DA:65,6
DA:66,6
DA:67,6
DA:69,6
DA:70,6
DA:72,6
DA:73,6
DA:75,6
DA:76,6
DA:78,6
DA:79,6
DA:81,6
DA:82,6
DA:87,90
DA:88,3
DA:90,90
DA:91,3
DA:93,90
DA:94,3
DA:96,90
DA:97,3
DA:99,90
DA:100,3
DA:102,90
DA:103,3
DA:107,1
DA:109,90
DA:110,48
DA:112,90
LF:51
LH:51
BRDA:41,1,0,35
BRDA:41,1,1,13
BRDA:42,2,0,35
BRDA:42,2,1,0
BRDA:45,3,0,7
BRDA:45,3,1,28
BRDA:48,4,0,7
BRDA:48,4,1,28
BRDA:51,5,0,7
BRDA:51,5,1,28
BRDA:54,6,0,7
BRDA:54,6,1,28
BRDA:57,7,0,7
BRDA:57,7,1,28
BRDA:65,8,0,6
BRDA:65,8,1,0
BRDA:66,9,0,6
BRDA:66,9,1,0
BRDA:69,10,0,6
BRDA:69,10,1,0
BRDA:72,11,0,6
BRDA:72,11,1,0
BRDA:75,12,0,6
BRDA:75,12,1,0
BRDA:78,13,0,6
BRDA:78,13,1,0
BRDA:81,14,0,6
BRDA:81,14,1,0
BRF:28
BRH:20
end_of_record
TN:
SF:/home/travis/build/DeltaGraphs/norris-nrti/frontend/app/Model/GraphsModel/BarChart.js
FN:28,(anonymous_1)
FN:31,split
FN:88,BarChart
FN:103,(anonymous_4)
FN:152,(anonymous_5)
FN:158,(anonymous_6)
FN:162,(anonymous_7)
FN:167,(anonymous_8)
FN:181,(anonymous_9)
FN:191,(anonymous_10)
FN:202,(anonymous_11)
FN:213,(anonymous_12)
FN:216,(anonymous_13)
FN:219,(anonymous_14)
FN:222,(anonymous_15)
FN:225,(anonymous_16)
FN:228,(anonymous_17)
FN:231,(anonymous_18)
FN:234,(anonymous_19)
FN:237,(anonymous_20)
FN:240,(anonymous_21)
FN:243,(anonymous_22)
FN:246,(anonymous_23)
FN:249,(anonymous_24)
FN:252,(anonymous_25)
FN:255,(anonymous_26)
FN:260,BarChartFactory
FN:262,(anonymous_28)
FNF:28
FNH:27
FNDA:37,(anonymous_1)
FNDA:14,split
FNDA:37,BarChart
FNDA:14,(anonymous_4)
FNDA:50,(anonymous_5)
FNDA:1,(anonymous_6)
FNDA:1,(anonymous_7)
FNDA:3,(anonymous_8)
FNDA:1,(anonymous_9)
FNDA:1,(anonymous_10)
FNDA:1,(anonymous_11)
FNDA:1,(anonymous_12)
FNDA:1,(anonymous_13)
FNDA:1,(anonymous_14)
FNDA:1,(anonymous_15)
FNDA:1,(anonymous_16)
FNDA:11,(anonymous_17)
FNDA:2,(anonymous_18)
FNDA:2,(anonymous_19)
FNDA:2,(anonymous_20)
FNDA:2,(anonymous_21)
FNDA:2,(anonymous_22)
FNDA:2,(anonymous_23)
FNDA:2,(anonymous_24)
FNDA:2,(anonymous_25)
FNDA:2,(anonymous_26)
FNDA:0,BarChartFactory
FNDA:37,(anonymous_28)
DA:27,1
DA:31,1
DA:32,14
DA:33,14
DA:34,14
DA:36,14
DA:37,14
DA:39,14
DA:40,14
DA:42,14
DA:43,14
DA:45,14
DA:46,14
DA:48,14
DA:49,14
DA:52,14
DA:53,14
DA:54,14
DA:56,14
DA:57,14
DA:59,14
DA:60,14
DA:62,14
DA:63,14
DA:65,14
DA:66,14
DA:68,14
DA:69,14
DA:71,14
DA:72,14
DA:74,14
DA:75,14
DA:77,14
DA:78,14
DA:81,14
DA:88,1
DA:90,37
DA:91,37
DA:92,37
DA:93,37
DA:94,37
DA:95,37
DA:96,37
DA:97,37
DA:98,37
DA:99,37
DA:103,37
DA:104,14
DA:105,14
DA:106,14
DA:107,14
DA:108,14
DA:109,14
DA:111,14
DA:112,14
DA:113,14
DA:115,14
DA:116,14
DA:118,14
DA:119,14
DA:121,14
DA:122,14
DA:124,14
DA:125,14
DA:127,14
DA:128,14
DA:130,14
DA:131,14
DA:133,14
DA:134,14
DA:136,14
DA:137,14
DA:141,14
DA:142,14
DA:143,42
DA:144,42
DA:152,37
DA:153,50
DA:154,50
DA:158,37
DA:159,1
DA:162,37
DA:163,1
DA:167,37
DA:168,3
DA:169,3
DA:170,3
DA:171,3
DA:172,3
DA:173,3
DA:181,37
DA:182,1
DA:183,1
DA:184,1
DA:185,1
DA:191,37
DA:192,1
DA:193,1
DA:194,1
DA:195,1
DA:196,1
DA:202,37
DA:203,1
DA:204,1
DA:205,1
DA:206,1
DA:207,1
DA:213,37
DA:214,1
DA:216,37
DA:217,1
DA:219,37
DA:220,1
DA:222,37
DA:223,1
DA:225,37
DA:226,1
DA:228,37
DA:229,11
DA:231,37
DA:232,2
DA:234,37
DA:235,2
DA:237,37
DA:238,2
DA:240,37
DA:241,2
DA:243,37
DA:244,2
DA:246,37
DA:247,2
DA:249,37
DA:250,2
DA:252,37
DA:253,2
DA:255,37
DA:256,2
DA:260,1
DA:262,37
DA:263,37
DA:266,37
LF:141
LH:141
BRDA:33,1,0,14
BRDA:33,1,1,0
BRDA:36,2,0,14
BRDA:36,2,1,0
BRDA:39,3,0,14
BRDA:39,3,1,0
BRDA:42,4,0,14
BRDA:42,4,1,0
BRDA:45,5,0,14
BRDA:45,5,1,0
BRDA:48,6,0,14
BRDA:48,6,1,0
BRDA:53,7,0,14
BRDA:53,7,1,0
BRDA:56,8,0,14
BRDA:56,8,1,0
BRDA:59,9,0,14
BRDA:59,9,1,0
BRDA:62,10,0,14
BRDA:62,10,1,0
BRDA:65,11,0,14
BRDA:65,11,1,0
BRDA:68,12,0,14
BRDA:68,12,1,0
BRDA:71,13,0,14
BRDA:71,13,1,0
BRDA:74,14,0,14
BRDA:74,14,1,0
BRDA:77,15,0,14
BRDA:77,15,1,0
BRDA:104,16,0,14
BRDA:104,16,1,0
BRDA:108,17,0,14
BRDA:108,17,1,0
BRDA:111,18,0,14
BRDA:111,18,1,0
BRDA:112,19,0,14
BRDA:112,19,1,0
BRDA:115,20,0,14
BRDA:115,20,1,0
BRDA:118,21,0,14
BRDA:118,21,1,0
BRDA:121,22,0,14
BRDA:121,22,1,0
BRDA:124,23,0,14
BRDA:124,23,1,0
BRDA:127,24,0,14
BRDA:127,24,1,0
BRDA:130,25,0,14
BRDA:130,25,1,0
BRDA:133,26,0,14
BRDA:133,26,1,0
BRDA:136,27,0,14
BRDA:136,27,1,0
BRDA:141,28,0,14
BRDA:141,28,1,0
BRDA:153,29,0,50
BRDA:153,29,1,0
BRDA:168,30,0,3
BRDA:168,30,1,0
BRDA:172,31,0,3
BRDA:172,31,1,0
BRDA:182,32,0,1
BRDA:182,32,1,0
BRDA:184,33,0,1
BRDA:184,33,1,0
BRDA:192,34,0,1
BRDA:192,34,1,0
BRDA:195,35,0,1
BRDA:195,35,1,0
BRDA:203,36,0,1
BRDA:203,36,1,0
BRDA:206,37,0,1
BRDA:206,37,1,0
BRF:74
BRH:37
end_of_record
TN:
SF:/home/travis/build/DeltaGraphs/norris-nrti/frontend/app/Model/GraphsModel/ColorPicker.js
FN:19,(anonymous_1)
FN:44,(anonymous_2)
FNF:2
FNH:2
FNDA:6,(anonymous_1)
FNDA:6,(anonymous_2)
DA:18,1
DA:20,6
DA:43,6
DA:45,6
LF:4
LH:4
BRF:0
BRH:0
end_of_record
TN:
SF:/home/travis/build/DeltaGraphs/norris-nrti/frontend/app/Model/GraphsModel/Graph.js
FN:34,(anonymous_1)
FN:37,Graph
FN:59,(anonymous_3)
FN:80,(anonymous_4)
FN:95,(anonymous_5)
FN:103,(anonymous_6)
FN:112,(anonymous_7)
FN:115,(anonymous_8)
FN:118,(anonymous_9)
FN:121,(anonymous_10)
FN:128,(anonymous_11)
FN:131,(anonymous_12)
FN:136,GraphFactory
FN:138,(anonymous_14)
FNF:14
FNH:13
FNDA:153,(anonymous_1)
FNDA:153,Graph
FNDA:56,(anonymous_3)
FNDA:190,(anonymous_4)
FNDA:5,(anonymous_5)
FNDA:4,(anonymous_6)
FNDA:7,(anonymous_7)
FNDA:7,(anonymous_8)
FNDA:7,(anonymous_9)
FNDA:6,(anonymous_10)
FNDA:7,(anonymous_11)
FNDA:96,(anonymous_12)
FNDA:0,GraphFactory
FNDA:153,(anonymous_14)
DA:33,1
DA:37,1
DA:39,153
DA:40,153
DA:41,153
DA:42,153
DA:43,153
DA:44,153
DA:45,153
DA:48,153
DA:49,30
DA:50,30
DA:52,30
DA:53,30
DA:59,153
DA:60,56
DA:61,56
DA:62,56
DA:64,56
DA:65,56
DA:67,56
DA:68,56
DA:70,56
DA:71,44
DA:73,56
DA:74,44
DA:80,153
DA:81,190
DA:83,190
DA:84,159
DA:85,1
DA:89,190
DA:90,189
DA:95,153
DA:96,5
DA:97,5
DA:98,5
DA:103,153
DA:104,4
DA:105,4
DA:106,4
DA:107,4
DA:112,153
DA:113,7
DA:115,153
DA:116,7
DA:118,153
DA:119,7
DA:121,153
DA:122,6
DA:123,4
DA:125,2
DA:128,153
DA:129,7
DA:131,153
DA:132,96
DA:136,1
DA:138,153
DA:139,153
DA:142,153
LF:60
LH:60
BRDA:48,1,0,30
BRDA:48,1,1,123
BRDA:49,2,0,30
BRDA:49,2,1,0
BRDA:52,3,0,30
BRDA:52,3,1,0
BRDA:60,4,0,56
BRDA:60,4,1,0
BRDA:61,5,0,56
BRDA:61,5,1,0
BRDA:64,6,0,56
BRDA:64,6,1,0
BRDA:67,7,0,56
BRDA:67,7,1,0
BRDA:70,8,0,44
BRDA:70,8,1,12
BRDA:73,9,0,44
BRDA:73,9,1,12
BRDA:73,10,0,56
BRDA:73,10,1,44
BRDA:84,11,0,1
BRDA:84,11,1,158
BRDA:89,12,0,189
BRDA:89,12,1,1
BRDA:97,13,0,5
BRDA:97,13,1,0
BRDA:105,14,0,4
BRDA:105,14,1,0
BRDA:122,15,0,4
BRDA:122,15,1,2
BRF:30
BRH:22
end_of_record
TN:
SF:/home/travis/build/DeltaGraphs/norris-nrti/frontend/app/Model/GraphsModel/Legend.js
FN:26,(anonymous_1)
FN:29,Legend
FN:49,(anonymous_3)
FN:63,(anonymous_4)
FN:66,(anonymous_5)
FN:69,(anonymous_6)
FN:74,LegendFactory
FN:76,(anonymous_8)
FNF:8
FNH:7
FNDA:164,(anonymous_1)
FNDA:55,Legend
FNDA:3,(anonymous_3)
FNDA:3,(anonymous_4)
FNDA:3,(anonymous_5)
FNDA:3,(anonymous_6)
FNDA:0,LegendFactory
FNDA:55,(anonymous_8)
DA:25,1
DA:29,1
DA:30,55
DA:31,55
DA:32,55
DA:35,55
DA:36,48
DA:37,48
DA:39,48
DA:40,4
DA:42,48
DA:43,4
DA:49,164
DA:50,3
DA:51,3
DA:52,3
DA:54,3
DA:55,3
DA:57,3
DA:58,3
DA:63,164
DA:64,3
DA:66,164
DA:67,3
DA:69,164
DA:70,3
DA:74,1
DA:76,164
DA:77,55
DA:80,164
LF:30
LH:30
BRDA:35,1,0,48
BRDA:35,1,1,7
BRDA:36,2,0,48
BRDA:36,2,1,0
BRDA:39,3,0,4
BRDA:39,3,1,44
BRDA:42,4,0,4
BRDA:42,4,1,44
BRDA:50,5,0,3
BRDA:50,5,1,0
BRDA:51,6,0,3
BRDA:51,6,1,0
BRDA:54,7,0,3
BRDA:54,7,1,0
BRDA:57,8,0,3
BRDA:57,8,1,0
BRF:16
BRH:11
end_of_record
TN:
SF:/home/travis/build/DeltaGraphs/norris-nrti/frontend/app/Model/GraphsModel/LineChart.js
FN:30,(anonymous_1)
FN:33,split
FN:87,LineChart
FN:100,(anonymous_4)
FN:145,(anonymous_5)
FN:151,(anonymous_6)
FN:155,(anonymous_7)
FN:160,(anonymous_8)
FN:174,(anonymous_9)
FN:185,(anonymous_10)
FN:196,(anonymous_11)
FN:207,(anonymous_12)
FN:210,(anonymous_13)
FN:213,(anonymous_14)
FN:216,(anonymous_15)
FN:219,(anonymous_16)
FN:222,(anonymous_17)
FN:225,(anonymous_18)
FN:228,(anonymous_19)
FN:231,(anonymous_20)
FN:234,(anonymous_21)
FN:237,(anonymous_22)
FN:240,(anonymous_23)
FN:243,(anonymous_24)
FN:246,(anonymous_25)
FN:251,LineChartFactory
FN:253,(anonymous_27)
FNF:27
FNH:26
FNDA:33,(anonymous_1)
FNDA:12,split
FNDA:33,LineChart
FNDA:12,(anonymous_4)
FNDA:44,(anonymous_5)
FNDA:1,(anonymous_6)
FNDA:1,(anonymous_7)
FNDA:4,(anonymous_8)
FNDA:1,(anonymous_9)
FNDA:1,(anonymous_10)
FNDA:1,(anonymous_11)
FNDA:1,(anonymous_12)
FNDA:1,(anonymous_13)
FNDA:1,(anonymous_14)
FNDA:1,(anonymous_15)
FNDA:1,(anonymous_16)
FNDA:11,(anonymous_17)
FNDA:2,(anonymous_18)
FNDA:2,(anonymous_19)
FNDA:2,(anonymous_20)
FNDA:2,(anonymous_21)
FNDA:2,(anonymous_22)
FNDA:2,(anonymous_23)
FNDA:2,(anonymous_24)
FNDA:2,(anonymous_25)
FNDA:0,LineChartFactory
FNDA:33,(anonymous_27)
DA:29,1
DA:33,1
DA:34,12
DA:35,12
DA:36,12
DA:38,12
DA:39,12
DA:41,12
DA:42,12
DA:44,12
DA:45,12
DA:47,12
DA:48,12
DA:50,12
DA:51,12
DA:54,12
DA:55,12
DA:56,12
DA:58,12
DA:59,0
DA:61,12
DA:62,0
DA:64,12
DA:65,12
DA:67,12
DA:68,12
DA:70,12
DA:71,12
DA:73,12
DA:74,12
DA:76,12
DA:77,12
DA:80,12
DA:87,1
DA:88,33
DA:89,33
DA:90,33
DA:91,33
DA:92,33
DA:93,33
DA:94,33
DA:95,33
DA:96,33
DA:100,33
DA:101,12
DA:102,12
DA:103,12
DA:104,12
DA:105,12
DA:106,12
DA:108,12
DA:109,12
DA:110,12
DA:112,12
DA:113,0
DA:115,12
DA:116,0
DA:118,12
DA:119,12
DA:121,12
DA:122,12
DA:124,12
DA:125,12
DA:127,12
DA:128,12
DA:130,12
DA:131,12
DA:135,12
DA:136,12
DA:137,36
DA:138,36
DA:145,33
DA:146,44
DA:147,44
DA:151,33
DA:152,1
DA:155,33
DA:156,1
DA:160,33
DA:161,4
DA:162,4
DA:163,4
DA:164,4
DA:165,4
DA:166,4
DA:174,33
DA:175,1
DA:176,1
DA:177,1
DA:178,1
DA:179,1
DA:185,33
DA:186,1
DA:187,1
DA:188,1
DA:189,1
DA:190,1
DA:196,33
DA:197,1
DA:198,1
DA:199,1
DA:200,1
DA:201,1
DA:207,33
DA:208,1
DA:210,33
DA:211,1
DA:213,33
DA:214,1
DA:216,33
DA:217,1
DA:219,33
DA:220,1
DA:222,33
DA:223,11
DA:225,33
DA:226,2
DA:228,33
DA:229,2
DA:231,33
DA:232,2
DA:234,33
DA:235,2
DA:237,33
DA:238,2
DA:240,33
DA:241,2
DA:243,33
DA:244,2
DA:246,33
DA:247,2
DA:251,1
DA:253,33
DA:254,33
DA:257,33
LF:135
LH:131
BRDA:35,1,0,12
BRDA:35,1,1,0
BRDA:38,2,0,12
BRDA:38,2,1,0
BRDA:41,3,0,12
BRDA:41,3,1,0
BRDA:44,4,0,12
BRDA:44,4,1,0
BRDA:47,5,0,12
BRDA:47,5,1,0
BRDA:50,6,0,12
BRDA:50,6,1,0
BRDA:55,7,0,12
BRDA:55,7,1,0
BRDA:58,8,0,0
BRDA:58,8,1,12
BRDA:61,9,0,0
BRDA:61,9,1,12
BRDA:64,10,0,12
BRDA:64,10,1,0
BRDA:67,11,0,12
BRDA:67,11,1,0
BRDA:70,12,0,12
BRDA:70,12,1,0
BRDA:73,13,0,12
BRDA:73,13,1,0
BRDA:76,14,0,12
BRDA:76,14,1,0
BRDA:101,15,0,12
BRDA:101,15,1,0
BRDA:105,16,0,12
BRDA:105,16,1,0
BRDA:108,17,0,12
BRDA:108,17,1,0
BRDA:109,18,0,12
BRDA:109,18,1,0
BRDA:112,19,0,0
BRDA:112,19,1,12
BRDA:115,20,0,0
BRDA:115,20,1,12
BRDA:118,21,0,12
BRDA:118,21,1,0
BRDA:121,22,0,12
BRDA:121,22,1,0
BRDA:124,23,0,12
BRDA:124,23,1,0
BRDA:127,24,0,12
BRDA:127,24,1,0
BRDA:130,25,0,12
BRDA:130,25,1,0
BRDA:135,26,0,12
BRDA:135,26,1,0
BRDA:146,27,0,44
BRDA:146,27,1,0
BRDA:161,28,0,4
BRDA:161,28,1,0
BRDA:165,29,0,4
BRDA:165,29,1,0
BRDA:175,30,0,1
BRDA:175,30,1,0
BRDA:178,31,0,1
BRDA:178,31,1,0
BRDA:186,32,0,1
BRDA:186,32,1,0
BRDA:189,33,0,1
BRDA:189,33,1,0
BRDA:197,34,0,1
BRDA:197,34,1,0
BRDA:200,35,0,1
BRDA:200,35,1,0
BRF:70
BRH:35
end_of_record
TN:
SF:/home/travis/build/DeltaGraphs/norris-nrti/frontend/app/Model/GraphsModel/MapChart.js
FN:26,(anonymous_1)
FN:29,split
FN:82,MapChart
FN:96,(anonymous_4)
FN:139,(anonymous_5)
FN:145,(anonymous_6)
FN:149,(anonymous_7)
FN:154,(anonymous_8)
FN:168,(anonymous_9)
FN:179,(anonymous_10)
FN:190,(anonymous_11)
FN:201,(anonymous_12)
FN:204,(anonymous_13)
FN:207,(anonymous_14)
FN:210,(anonymous_15)
FN:213,(anonymous_16)
FN:216,(anonymous_17)
FN:219,(anonymous_18)
FN:222,(anonymous_19)
FN:225,(anonymous_20)
FN:228,(anonymous_21)
FN:231,(anonymous_22)
FN:234,(anonymous_23)
FN:237,(anonymous_24)
FN:240,(anonymous_25)
FN:245,MapChartFactory
FN:247,(anonymous_27)
FNF:27
FNH:26
FNDA:34,(anonymous_1)
FNDA:13,split
FNDA:34,MapChart
FNDA:13,(anonymous_4)
FNDA:47,(anonymous_5)
FNDA:1,(anonymous_6)
FNDA:1,(anonymous_7)
FNDA:4,(anonymous_8)
FNDA:1,(anonymous_9)
FNDA:1,(anonymous_10)
FNDA:1,(anonymous_11)
FNDA:1,(anonymous_12)
FNDA:1,(anonymous_13)
FNDA:1,(anonymous_14)
FNDA:1,(anonymous_15)
FNDA:1,(anonymous_16)
FNDA:11,(anonymous_17)
FNDA:2,(anonymous_18)
FNDA:2,(anonymous_19)
FNDA:2,(anonymous_20)
FNDA:2,(anonymous_21)
FNDA:2,(anonymous_22)
FNDA:2,(anonymous_23)
FNDA:2,(anonymous_24)
FNDA:2,(anonymous_25)
FNDA:0,MapChartFactory
FNDA:34,(anonymous_27)
DA:25,1
DA:29,1
DA:30,13
DA:31,13
DA:32,13
DA:34,13
DA:35,13
DA:37,13
DA:38,13
DA:40,13
DA:41,13
DA:43,13
DA:44,13
DA:48,13
DA:49,13
DA:50,13
DA:52,13
DA:53,13
DA:55,13
DA:56,13
DA:58,13
DA:59,13
DA:61,13
DA:62,13
DA:64,13
DA:65,13
DA:67,13
DA:68,13
DA:70,13
DA:71,13
DA:75,13
DA:82,1
DA:83,34
DA:84,34
DA:85,34
DA:86,34
DA:87,34
DA:88,34
DA:89,34
DA:90,34
DA:92,34
DA:96,34
DA:97,13
DA:98,13
DA:99,13
DA:100,13
DA:101,13
DA:103,13
DA:104,13
DA:105,13
DA:107,13
DA:108,13
DA:110,13
DA:111,13
DA:113,13
DA:114,13
DA:116,13
DA:117,13
DA:119,13
DA:120,13
DA:122,13
DA:123,13
DA:125,13
DA:126,13
DA:130,13
DA:131,13
DA:132,39
DA:133,39
DA:139,34
DA:140,47
DA:141,47
DA:145,34
DA:146,1
DA:149,34
DA:150,1
DA:154,34
DA:155,4
DA:156,4
DA:157,4
DA:158,4
DA:159,4
DA:160,4
DA:168,34
DA:169,1
DA:170,1
DA:171,1
DA:172,1
DA:173,1
DA:179,34
DA:180,1
DA:181,1
DA:182,1
DA:183,1
DA:184,1
DA:190,34
DA:191,1
DA:192,1
DA:193,1
DA:194,1
DA:195,1
DA:201,34
DA:202,1
DA:204,34
DA:205,1
DA:207,34
DA:208,1
DA:210,34
DA:211,1
DA:213,34
DA:214,1
DA:216,34
DA:217,11
DA:219,34
DA:220,2
DA:222,34
DA:223,2
DA:225,34
DA:226,2
DA:228,34
DA:229,2
DA:231,34
DA:232,2
DA:234,34
DA:235,2
DA:237,34
DA:238,2
DA:240,34
DA:241,2
DA:245,1
DA:247,34
DA:248,34
DA:251,34
LF:132
LH:132
BRDA:31,1,0,13
BRDA:31,1,1,0
BRDA:34,2,0,13
BRDA:34,2,1,0
BRDA:37,3,0,13
BRDA:37,3,1,0
BRDA:40,4,0,13
BRDA:40,4,1,0
BRDA:43,5,0,13
BRDA:43,5,1,0
BRDA:49,6,0,13
BRDA:49,6,1,0
BRDA:52,7,0,13
BRDA:52,7,1,0
BRDA:55,8,0,13
BRDA:55,8,1,0
BRDA:58,9,0,13
BRDA:58,9,1,0
BRDA:61,10,0,13
BRDA:61,10,1,0
BRDA:64,11,0,13
BRDA:64,11,1,0
BRDA:67,12,0,13
BRDA:67,12,1,0
BRDA:70,13,0,13
BRDA:70,13,1,0
BRDA:100,14,0,13
BRDA:100,14,1,0
BRDA:103,15,0,13
BRDA:103,15,1,0
BRDA:104,16,0,13
BRDA:104,16,1,0
BRDA:107,17,0,13
BRDA:107,17,1,0
BRDA:110,18,0,13
BRDA:110,18,1,0
BRDA:113,19,0,13
BRDA:113,19,1,0
BRDA:116,20,0,13
BRDA:116,20,1,0
BRDA:119,21,0,13
BRDA:119,21,1,0
BRDA:122,22,0,13
BRDA:122,22,1,0
BRDA:125,23,0,13
BRDA:125,23,1,0
BRDA:130,24,0,13
BRDA:130,24,1,0
BRDA:140,25,0,47
BRDA:140,25,1,0
BRDA:155,26,0,4
BRDA:155,26,1,0
BRDA:159,27,0,4
BRDA:159,27,1,0
BRDA:169,28,0,1
BRDA:169,28,1,0
BRDA:172,29,0,1
BRDA:172,29,1,0
BRDA:180,30,0,1
BRDA:180,30,1,0
BRDA:183,31,0,1
BRDA:183,31,1,0
BRDA:191,32,0,1
BRDA:191,32,1,0
BRDA:194,33,0,1
BRDA:194,33,1,0
BRF:66
BRH:33
end_of_record
TN:
SF:/home/travis/build/DeltaGraphs/norris-nrti/frontend/app/Model/GraphsModel/Table.js
FN:28,(anonymous_1)
FN:31,split
FN:77,Table
FN:88,(anonymous_4)
FN:129,(anonymous_5)
FN:135,(anonymous_6)
FN:139,(anonymous_7)
FN:149,(anonymous_8)
FN:162,(anonymous_9)
FN:173,(anonymous_10)
FN:184,(anonymous_11)
FN:195,(anonymous_12)
FN:198,(anonymous_13)
FN:201,(anonymous_14)
FN:204,(anonymous_15)
FN:207,(anonymous_16)
FN:210,(anonymous_17)
FN:213,(anonymous_18)
FN:216,(anonymous_19)
FN:219,(anonymous_20)
FN:222,(anonymous_21)
FN:225,(anonymous_22)
FN:230,TableFactory
FN:232,(anonymous_24)
FNF:24
FNH:23
FNDA:29,(anonymous_1)
FNDA:12,split
FNDA:29,Table
FNDA:12,(anonymous_4)
FNDA:44,(anonymous_5)
FNDA:1,(anonymous_6)
FNDA:1,(anonymous_7)
FNDA:4,(anonymous_8)
FNDA:1,(anonymous_9)
FNDA:1,(anonymous_10)
FNDA:1,(anonymous_11)
FNDA:1,(anonymous_12)
FNDA:1,(anonymous_13)
FNDA:1,(anonymous_14)
FNDA:1,(anonymous_15)
FNDA:11,(anonymous_16)
FNDA:2,(anonymous_17)
FNDA:2,(anonymous_18)
FNDA:2,(anonymous_19)
FNDA:2,(anonymous_20)
FNDA:2,(anonymous_21)
FNDA:2,(anonymous_22)
FNDA:0,TableFactory
FNDA:29,(anonymous_24)
DA:27,1
DA:31,1
DA:32,12
DA:33,12
DA:34,12
DA:36,12
DA:37,12
DA:39,12
DA:40,12
DA:42,12
DA:43,12
DA:45,12
DA:46,12
DA:50,12
DA:51,12
DA:52,12
DA:54,12
DA:55,12
DA:57,12
DA:58,12
DA:60,12
DA:61,12
DA:63,12
DA:64,12
DA:66,12
DA:67,12
DA:70,12
DA:77,1
DA:78,29
DA:79,29
DA:80,29
DA:81,29
DA:82,29
DA:83,29
DA:84,29
DA:88,29
DA:89,12
DA:90,12
DA:91,12
DA:92,12
DA:94,12
DA:95,12
DA:97,12
DA:98,12
DA:99,12
DA:100,24
DA:103,12
DA:104,12
DA:106,12
DA:107,12
DA:109,12
DA:110,12
DA:112,12
DA:113,12
DA:115,12
DA:116,12
DA:119,12
DA:120,12
DA:121,36
DA:122,36
DA:129,29
DA:130,44
DA:131,44
DA:135,29
DA:136,1
DA:139,29
DA:140,1
DA:141,1
DA:142,1
DA:143,1
DA:149,29
DA:150,4
DA:151,4
DA:152,4
DA:153,4
DA:154,4
DA:162,29
DA:163,1
DA:164,1
DA:165,1
DA:166,1
DA:167,1
DA:173,29
DA:174,1
DA:175,1
DA:176,1
DA:177,1
DA:178,1
DA:184,29
DA:185,1
DA:186,1
DA:187,1
DA:188,1
DA:189,1
DA:195,29
DA:196,1
DA:198,29
DA:199,1
DA:201,29
DA:202,1
DA:204,29
DA:205,1
DA:207,29
DA:208,11
DA:210,29
DA:211,2
DA:213,29
DA:214,2
DA:216,29
DA:217,2
DA:219,29
DA:220,2
DA:222,29
DA:223,2
DA:225,29
DA:226,2
DA:230,1
DA:232,29
DA:233,29
DA:236,29
LF:120
LH:120
BRDA:33,1,0,12
BRDA:33,1,1,0
BRDA:36,2,0,12
BRDA:36,2,1,0
BRDA:39,3,0,12
BRDA:39,3,1,0
BRDA:42,4,0,12
BRDA:42,4,1,0
BRDA:45,5,0,12
BRDA:45,5,1,0
BRDA:51,6,0,12
BRDA:51,6,1,0
BRDA:54,7,0,12
BRDA:54,7,1,0
BRDA:57,8,0,12
BRDA:57,8,1,0
BRDA:60,9,0,12
BRDA:60,9,1,0
BRDA:63,10,0,12
BRDA:63,10,1,0
BRDA:66,11,0,12
BRDA:66,11,1,0
BRDA:89,12,0,12
BRDA:89,12,1,0
BRDA:94,13,0,12
BRDA:94,13,1,0
BRDA:97,14,0,12
BRDA:97,14,1,0
BRDA:98,15,0,12
BRDA:98,15,1,0
BRDA:103,16,0,12
BRDA:103,16,1,0
BRDA:106,17,0,12
BRDA:106,17,1,0
BRDA:109,18,0,12
BRDA:109,18,1,0
BRDA:112,19,0,12
BRDA:112,19,1,0
BRDA:115,20,0,12
BRDA:115,20,1,0
BRDA:119,21,0,12
BRDA:119,21,1,0
BRDA:130,22,0,44
BRDA:130,22,1,0
BRDA:141,23,0,1
BRDA:141,23,1,0
BRDA:150,24,0,4
BRDA:150,24,1,0
BRDA:153,25,0,4
BRDA:153,25,1,0
BRDA:163,26,0,1
BRDA:163,26,1,0
BRDA:166,27,0,1
BRDA:166,27,1,0
BRDA:174,28,0,1
BRDA:174,28,1,0
BRDA:177,29,0,1
BRDA:177,29,1,0
BRDA:185,30,0,1
BRDA:185,30,1,0
BRDA:188,31,0,1
BRDA:188,31,1,0
BRF:62
BRH:31
end_of_record
TN:
SF:/home/travis/build/DeltaGraphs/norris-nrti/frontend/app/Model/FlowsModel/BarChartFlow.js
FN:28,(anonymous_1)
FN:30,split
FN:52,BarChartFlow
FN:68,(anonymous_4)
FN:82,(anonymous_5)
FN:87,(anonymous_6)
FN:90,(anonymous_7)
FN:97,(anonymous_8)
FN:100,(anonymous_9)
FN:108,(anonymous_10)
FN:111,(anonymous_11)
FN:114,(anonymous_12)
FN:118,BarChartFlowFactory
FN:120,(anonymous_14)
FNF:14
FNH:13
FNDA:48,(anonymous_1)
FNDA:62,split
FNDA:61,BarChartFlow
FNDA:1,(anonymous_4)
FNDA:11,(anonymous_5)
FNDA:2,(anonymous_6)
FNDA:2,(anonymous_7)
FNDA:2,(anonymous_8)
FNDA:1,(anonymous_9)
FNDA:2,(anonymous_10)
FNDA:14,(anonymous_11)
FNDA:3,(anonymous_12)
FNDA:0,BarChartFlowFactory
FNDA:61,(anonymous_14)
DA:27,1
DA:30,1
DA:31,62
DA:32,62
DA:34,62
DA:35,47
DA:36,5
DA:39,47
DA:40,5
DA:44,62
DA:52,1
DA:53,61
DA:54,61
DA:55,61
DA:57,61
DA:58,61
DA:59,61
DA:60,61
DA:62,61
DA:63,4
DA:68,48
DA:69,1
DA:70,1
DA:71,1
DA:73,1
DA:75,1
DA:76,1
DA:77,1
DA:82,48
DA:83,11
DA:84,18
DA:87,48
DA:88,2
DA:90,48
DA:91,2
DA:92,2
DA:93,2
DA:97,48
DA:98,2
DA:100,48
DA:101,1
DA:102,1
DA:103,1
DA:108,48
DA:109,2
DA:111,48
DA:112,14
DA:114,48
DA:115,3
DA:118,1
DA:120,48
DA:121,61
DA:124,48
LF:53
LH:53
BRDA:34,1,0,47
BRDA:34,1,1,15
BRDA:35,2,0,5
BRDA:35,2,1,42
BRDA:39,3,0,5
BRDA:39,3,1,42
BRDA:62,4,0,4
BRDA:62,4,1,57
BRDA:75,5,0,1
BRDA:75,5,1,0
BRDA:76,6,0,1
BRDA:76,6,1,0
BRDA:92,7,0,2
BRDA:92,7,1,0
BRDA:102,8,0,1
BRDA:102,8,1,0
BRF:16
BRH:12
end_of_record
TN:
SF:/home/travis/build/DeltaGraphs/norris-nrti/frontend/app/Model/FlowsModel/Flow.js
FN:26,(anonymous_1)
FN:28,Flow
FN:39,(anonymous_3)
FN:46,(anonymous_4)
FN:50,FlowFactory
FN:52,(anonymous_6)
FNF:6
FNH:5
FNDA:224,(anonymous_1)
FNDA:263,Flow
FNDA:10,(anonymous_3)
FNDA:11,(anonymous_4)
FNDA:0,FlowFactory
FNDA:263,(anonymous_6)
DA:25,1
DA:28,1
DA:30,263
DA:32,263
DA:33,257
DA:34,25
DA:39,224
DA:40,10
DA:41,10
DA:42,10
DA:46,224
DA:47,11
DA:50,1
DA:52,224
DA:53,263
DA:55,224
LF:16
LH:16
BRDA:32,1,0,257
BRDA:32,1,1,6
BRDA:33,2,0,25
BRDA:33,2,1,232
BRDA:40,3,0,10
BRDA:40,3,1,0
BRDA:41,4,0,10
BRDA:41,4,1,0
BRF:8
BRH:6
end_of_record
TN:
SF:/home/travis/build/DeltaGraphs/norris-nrti/frontend/app/Model/FlowsModel/LineChartFlow.js
FN:30,(anonymous_1)
FN:32,split
FN:66,LineChartFlow
FN:96,(anonymous_4)
FN:121,(anonymous_5)
FN:132,(anonymous_6)
FN:135,(anonymous_7)
FN:142,(anonymous_8)
FN:145,(anonymous_9)
FN:153,(anonymous_10)
FN:156,(anonymous_11)
FN:159,(anonymous_12)
FN:162,(anonymous_13)
FN:165,(anonymous_14)
FN:168,(anonymous_15)
FN:172,LineChartFlowFactory
FN:174,(anonymous_17)
FNF:17
FNH:16
FNDA:76,(anonymous_1)
FNDA:72,split
FNDA:68,LineChartFlow
FNDA:4,(anonymous_4)
FNDA:16,(anonymous_5)
FNDA:3,(anonymous_6)
FNDA:2,(anonymous_7)
FNDA:2,(anonymous_8)
FNDA:2,(anonymous_9)
FNDA:2,(anonymous_10)
FNDA:19,(anonymous_11)
FNDA:3,(anonymous_12)
FNDA:3,(anonymous_13)
FNDA:3,(anonymous_14)
FNDA:3,(anonymous_15)
FNDA:0,LineChartFlowFactory
FNDA:68,(anonymous_17)
DA:29,1
DA:32,1
DA:33,72
DA:34,72
DA:36,72
DA:37,49
DA:38,6
DA:40,49
DA:41,11
DA:44,49
DA:45,11
DA:47,49
DA:48,11
DA:50,49
DA:51,11
DA:53,49
DA:54,13
DA:58,72
DA:66,1
DA:67,68
DA:68,68
DA:69,68
DA:70,68
DA:71,68
DA:73,68
DA:74,68
DA:75,68
DA:77,68
DA:79,68
DA:81,9
DA:82,7
DA:84,9
DA:85,7
DA:87,9
DA:88,7
DA:90,9
DA:91,9
DA:96,76
DA:97,4
DA:98,4
DA:99,4
DA:100,4
DA:102,4
DA:104,4
DA:105,4
DA:106,4
DA:108,4
DA:109,4
DA:111,4
DA:112,4
DA:114,4
DA:115,4
DA:121,76
DA:122,16
DA:123,28
DA:124,26
DA:127,2
DA:128,2
DA:132,76
DA:133,3
DA:135,76
DA:136,2
DA:137,2
DA:138,2
DA:142,76
DA:143,2
DA:145,76
DA:146,2
DA:147,2
DA:148,2
DA:153,76
DA:154,2
DA:156,76
DA:157,19
DA:159,76
DA:160,3
DA:162,76
DA:163,3
DA:165,76
DA:166,3
DA:168,76
DA:169,3
DA:172,1
DA:174,76
DA:175,68
DA:178,76
LF:86
LH:86
BRDA:36,1,0,49
BRDA:36,1,1,23
BRDA:37,2,0,6
BRDA:37,2,1,43
BRDA:40,3,0,11
BRDA:40,3,1,38
BRDA:44,4,0,11
BRDA:44,4,1,38
BRDA:47,5,0,11
BRDA:47,5,1,38
BRDA:50,6,0,11
BRDA:50,6,1,38
BRDA:53,7,0,13
BRDA:53,7,1,36
BRDA:79,8,0,9
BRDA:79,8,1,59
BRDA:81,9,0,7
BRDA:81,9,1,2
BRDA:84,10,0,7
BRDA:84,10,1,2
BRDA:87,11,0,7
BRDA:87,11,1,2
BRDA:90,12,0,9
BRDA:90,12,1,0
BRDA:97,13,0,4
BRDA:97,13,1,0
BRDA:104,14,0,4
BRDA:104,14,1,0
BRDA:105,15,0,4
BRDA:105,15,1,0
BRDA:108,16,0,4
BRDA:108,16,1,0
BRDA:111,17,0,4
BRDA:111,17,1,0
BRDA:114,18,0,4
BRDA:114,18,1,0
BRDA:123,19,0,26
BRDA:123,19,1,2
BRDA:123,20,0,28
BRDA:123,20,1,5
BRDA:137,21,0,2
BRDA:137,21,1,0
BRDA:147,22,0,2
BRDA:147,22,1,0
BRF:44
BRH:35
end_of_record
TN:
SF:/home/travis/build/DeltaGraphs/norris-nrti/frontend/app/Model/FlowsModel/MapChartFlow.js
FN:28,(anonymous_1)
FN:30,split
FN:58,MapChartFlow
FN:83,(anonymous_4)
FN:106,(anonymous_5)
FN:117,(anonymous_6)
FN:120,(anonymous_7)
FN:128,(anonymous_8)
FN:131,(anonymous_9)
FN:139,(anonymous_10)
FN:142,(anonymous_11)
FN:145,(anonymous_12)
FN:148,(anonymous_13)
FN:151,(anonymous_14)
FN:155,MapChartFlowFactory
FN:157,(anonymous_16)
FNF:16
FNH:15
FNDA:54,(anonymous_1)
FNDA:70,split
FNDA:67,MapChartFlow
FNDA:3,(anonymous_4)
FNDA:14,(anonymous_5)
FNDA:2,(anonymous_6)
FNDA:2,(anonymous_7)
FNDA:2,(anonymous_8)
FNDA:2,(anonymous_9)
FNDA:2,(anonymous_10)
FNDA:17,(anonymous_11)
FNDA:3,(anonymous_12)
FNDA:3,(anonymous_13)
FNDA:3,(anonymous_14)
FNDA:0,MapChartFlowFactory
FNDA:67,(anonymous_16)
DA:27,1
DA:30,1
DA:31,70
DA:32,70
DA:34,70
DA:35,50
DA:36,9
DA:39,50
DA:40,9
DA:42,50
DA:43,9
DA:45,50
DA:46,9
DA:50,70
DA:58,1
DA:59,67
DA:60,67
DA:61,67
DA:62,67
DA:64,67
DA:65,67
DA:66,67
DA:68,67
DA:70,67
DA:71,7
DA:72,6
DA:74,7
DA:75,6
DA:77,7
DA:78,6
DA:83,54
DA:84,3
DA:85,3
DA:86,3
DA:87,3
DA:89,3
DA:90,3
DA:92,3
DA:93,3
DA:94,3
DA:96,3
DA:97,3
DA:99,3
DA:100,3
DA:106,54
DA:107,14
DA:108,24
DA:109,22
DA:112,2
DA:113,2
DA:117,54
DA:118,2
DA:120,54
DA:121,2
DA:122,2
DA:123,2
DA:128,54
DA:129,2
DA:131,54
DA:132,2
DA:133,2
DA:134,2
DA:139,54
DA:140,2
DA:142,54
DA:143,17
DA:145,54
DA:146,3
DA:148,54
DA:149,3
DA:151,54
DA:152,3
DA:155,1
DA:157,54
DA:158,67
DA:161,54
LF:76
LH:76
BRDA:34,1,0,50
BRDA:34,1,1,20
BRDA:35,2,0,9
BRDA:35,2,1,41
BRDA:39,3,0,9
BRDA:39,3,1,41
BRDA:42,4,0,9
BRDA:42,4,1,41
BRDA:45,5,0,9
BRDA:45,5,1,41
BRDA:70,6,0,7
BRDA:70,6,1,60
BRDA:71,7,0,6
BRDA:71,7,1,1
BRDA:74,8,0,6
BRDA:74,8,1,1
BRDA:77,9,0,6
BRDA:77,9,1,1
BRDA:84,10,0,3
BRDA:84,10,1,0
BRDA:92,11,0,3
BRDA:92,11,1,0
BRDA:93,12,0,3
BRDA:93,12,1,0
BRDA:96,13,0,3
BRDA:96,13,1,0
BRDA:99,14,0,3
BRDA:99,14,1,0
BRDA:108,15,0,22
BRDA:108,15,1,2
BRDA:108,16,0,24
BRDA:108,16,1,3
BRDA:122,17,0,2
BRDA:122,17,1,0
BRDA:133,18,0,2
BRDA:133,18,1,0
BRF:36
BRH:29
end_of_record
TN:
SF:/home/travis/build/DeltaGraphs/norris-nrti/frontend/app/Model/FlowsModel/TableFlow.js
FN:28,(anonymous_1)
FN:30,split
FN:52,TableFlow
FN:67,(anonymous_4)
FN:85,(anonymous_5)
FN:105,(anonymous_6)
FN:108,(anonymous_7)
FN:115,(anonymous_8)
FN:118,(anonymous_9)
FN:126,(anonymous_10)
FN:129,(anonymous_11)
FN:132,(anonymous_12)
FN:136,TableFlowFactory
FN:138,(anonymous_14)
FNF:14
FNH:13
FNDA:41,(anonymous_1)
FNDA:57,split
FNDA:56,TableFlow
FNDA:1,(anonymous_4)
FNDA:15,(anonymous_5)
FNDA:2,(anonymous_6)
FNDA:2,(anonymous_7)
FNDA:2,(anonymous_8)
FNDA:2,(anonymous_9)
FNDA:2,(anonymous_10)
FNDA:18,(anonymous_11)
FNDA:3,(anonymous_12)
FNDA:0,TableFlowFactory
FNDA:56,(anonymous_14)
DA:27,1
DA:30,1
DA:31,57
DA:32,57
DA:34,57
DA:35,42
DA:36,4
DA:39,42
DA:40,6
DA:44,57
DA:52,1
DA:53,56
DA:54,56
DA:56,56
DA:57,56
DA:58,56
DA:60,56
DA:62,56
DA:63,5
DA:67,41
DA:68,1
DA:69,1
DA:70,1
DA:71,1
DA:73,1
DA:74,1
DA:77,1
DA:78,1
DA:79,1
DA:85,41
DA:86,15
DA:87,25
DA:88,22
DA:89,7
DA:90,15
DA:91,15
DA:95,3
DA:96,1
DA:97,1
DA:98,2
DA:99,2
DA:100,2
DA:105,41
DA:106,2
DA:108,41
DA:109,2
DA:110,2
DA:111,2
DA:115,41
DA:116,2
DA:118,41
DA:119,2
DA:120,2
DA:121,2
DA:126,41
DA:127,2
DA:129,41
DA:130,18
DA:132,41
DA:133,3
DA:136,1
DA:138,41
DA:139,56
DA:142,41
LF:64
LH:64
BRDA:34,1,0,42
BRDA:34,1,1,15
BRDA:35,2,0,4
BRDA:35,2,1,38
BRDA:39,3,0,6
BRDA:39,3,1,36
BRDA:62,4,0,5
BRDA:62,4,1,51
BRDA:68,5,0,1
BRDA:68,5,1,0
BRDA:73,6,0,1
BRDA:73,6,1,0
BRDA:77,7,0,1
BRDA:77,7,1,0
BRDA:78,8,0,1
BRDA:78,8,1,0
BRDA:87,9,0,22
BRDA:87,9,1,3
BRDA:87,10,0,25
BRDA:87,10,1,6
BRDA:88,11,0,7
BRDA:88,11,1,15
BRDA:90,12,0,15
BRDA:90,12,1,0
BRDA:95,13,0,1
BRDA:95,13,1,2
BRDA:98,14,0,2
BRDA:98,14,1,0
BRDA:110,15,0,2
BRDA:110,15,1,0
BRDA:120,16,0,2
BRDA:120,16,1,0
BRF:32
BRH:24
end_of_record
TN:
SF:/home/travis/build/DeltaGraphs/norris-nrti/frontend/app/Model/PagesModel/Page.js
FN:30,(anonymous_1)
FN:33,Page
FN:68,(anonymous_3)
FN:86,(anonymous_4)
FN:94,(anonymous_5)
FN:110,(anonymous_6)
FN:113,(anonymous_7)
FN:116,(anonymous_8)
FN:119,(anonymous_9)
FN:122,(anonymous_10)
FN:125,(anonymous_11)
FN:130,PageFactory
FN:132,(anonymous_13)
FNF:13
FNH:12
FNDA:31,(anonymous_1)
FNDA:29,Page
FNDA:5,(anonymous_3)
FNDA:1,(anonymous_4)
FNDA:25,(anonymous_5)
FNDA:6,(anonymous_6)
FNDA:4,(anonymous_7)
FNDA:3,(anonymous_8)
FNDA:4,(anonymous_9)
FNDA:4,(anonymous_10)
FNDA:5,(anonymous_11)
FNDA:0,PageFactory
FNDA:29,(anonymous_13)
DA:29,1
DA:33,1
DA:35,29
DA:36,29
DA:37,29
DA:38,29
DA:39,29
DA:40,29
DA:43,29
DA:44,13
DA:45,8
DA:47,13
DA:48,8
DA:50,13
DA:51,8
DA:53,13
DA:54,8
DA:56,13
DA:57,7
DA:59,13
DA:60,7
DA:61,21
DA:68,31
DA:69,5
DA:70,5
DA:71,5
DA:73,5
DA:74,4
DA:76,5
DA:77,4
DA:79,5
DA:80,4
DA:86,31
DA:87,1
DA:88,1
DA:89,2
DA:95,25
DA:96,25
DA:97,25
DA:98,23
DA:99,2
DA:102,25
DA:103,23
DA:110,31
DA:111,6
DA:113,31
DA:114,4
DA:116,31
DA:117,3
DA:119,31
DA:120,4
DA:122,31
DA:123,4
DA:125,31
DA:126,5
DA:130,1
DA:132,31
DA:133,29
DA:136,31
LF:59
LH:59
BRDA:43,1,0,13
BRDA:43,1,1,16
BRDA:44,2,0,8
BRDA:44,2,1,5
BRDA:47,3,0,8
BRDA:47,3,1,5
BRDA:50,4,0,8
BRDA:50,4,1,5
BRDA:53,5,0,8
BRDA:53,5,1,5
BRDA:56,6,0,7
BRDA:56,6,1,6
BRDA:59,7,0,7
BRDA:59,7,1,6
BRDA:69,8,0,5
BRDA:69,8,1,0
BRDA:70,9,0,5
BRDA:70,9,1,0
BRDA:73,10,0,4
BRDA:73,10,1,1
BRDA:76,11,0,4
BRDA:76,11,1,1
BRDA:79,12,0,4
BRDA:79,12,1,1
BRDA:87,13,0,1
BRDA:87,13,1,0
BRDA:95,14,0,25
BRDA:95,14,1,0
BRDA:98,15,0,2
BRDA:98,15,1,21
BRDA:102,16,0,23
BRDA:102,16,1,2
BRF:32
BRH:28
end_of_record
TN:
SF:/home/travis/build/DeltaGraphs/norris-nrti/frontend/app/Model/PagesModel/PagesList.js
FN:24,(anonymous_1)
FN:30,PagesList
FN:51,(anonymous_3)
FN:66,(anonymous_4)
FN:74,(anonymous_5)
FNF:5
FNH:5
FNDA:11,(anonymous_1)
FNDA:6,PagesList
FNDA:3,(anonymous_3)
FNDA:1,(anonymous_4)
FNDA:6,(anonymous_5)
DA:23,1
DA:27,11
DA:30,1
DA:32,6
DA:33,2
DA:34,2
DA:35,6
DA:36,6
DA:37,6
DA:38,2
DA:41,6
DA:42,4
DA:43,4
DA:51,11
DA:52,3
DA:53,3
DA:54,1
DA:55,1
DA:58,3
DA:59,2
DA:60,2
DA:66,11
DA:67,1
DA:68,1
DA:69,1
DA:74,11
DA:75,6
DA:78,11
LF:28
LH:28
BRDA:32,1,0,2
BRDA:32,1,1,4
BRDA:33,2,0,2
BRDA:33,2,1,0
BRDA:37,3,0,2
BRDA:37,3,1,4
BRDA:41,4,0,4
BRDA:41,4,1,2
BRDA:54,5,0,1
BRDA:54,5,1,0
BRDA:58,6,0,2
BRDA:58,6,1,1
BRDA:68,7,0,1
BRDA:68,7,1,0
BRF:14
BRH:11
end_of_record
TN:
SF:/home/travis/build/DeltaGraphs/norris-nrti/frontend/app/Controller/RootController.js
FN:21,(anonymous_1)
FN:23,(anonymous_2)
FNF:2
FNH:2
FNDA:1,(anonymous_1)
FNDA:1,(anonymous_2)
DA:20,1
DA:22,1
DA:23,1
DA:24,1
LF:4
LH:4
BRF:0
BRH:0
end_of_record
TN:
SF:/home/travis/build/DeltaGraphs/norris-nrti/frontend/app/Controller/GraphsControllers/BarChartController.js
FN:20,(anonymous_1)
FN:29,(anonymous_2)
FN:40,(anonymous_3)
FN:41,(anonymous_4)
FN:50,(anonymous_5)
FN:55,(anonymous_6)
FN:61,(anonymous_7)
FN:65,(anonymous_8)
FN:73,(anonymous_9)
FNF:9
FNH:3
FNDA:3,(anonymous_1)
FNDA:1,(anonymous_2)
FNDA:1,(anonymous_3)
FNDA:0,(anonymous_4)
FNDA:0,(anonymous_5)
FNDA:0,(anonymous_6)
FNDA:0,(anonymous_7)
FNDA:0,(anonymous_8)
FNDA:0,(anonymous_9)
DA:19,1
DA:22,3
DA:25,3
DA:26,3
DA:29,3
DA:30,1
DA:31,1
DA:32,1
DA:35,3
DA:36,3
DA:37,3
DA:40,3
DA:41,1
DA:42,0
DA:43,0
DA:44,0
DA:45,0
DA:46,0
DA:47,0
DA:50,1
DA:51,0
DA:52,0
DA:53,0
DA:55,1
DA:56,0
DA:57,0
DA:58,0
DA:59,0
DA:61,1
DA:62,0
DA:63,0
DA:65,1
DA:66,0
DA:67,0
DA:68,0
DA:71,0
DA:73,1
DA:74,0
DA:76,0
DA:77,0
DA:79,0
DA:80,0
DA:82,0
DA:83,0
DA:85,0
DA:86,0
DA:88,0
DA:93,3
DA:96,3
DA:97,3
DA:98,3
LF:51
LH:22
BRDA:42,1,0,0
BRDA:42,1,1,0
BRDA:67,2,0,0
BRDA:67,2,1,0
BRDA:74,3,0,0
BRDA:74,3,1,0
BRDA:74,3,2,0
BRDA:74,3,3,0
BRF:8
BRH:0
end_of_record
TN:
SF:/home/travis/build/DeltaGraphs/norris-nrti/frontend/app/Controller/GraphsControllers/LineChartController.js
FN:20,(anonymous_1)
FN:27,(anonymous_2)
FN:37,(anonymous_3)
FN:38,(anonymous_4)
FN:47,(anonymous_5)
FN:51,(anonymous_6)
FN:58,(anonymous_7)
FN:63,(anonymous_8)
FN:71,(anonymous_9)
FNF:9
FNH:3
FNDA:3,(anonymous_1)
FNDA:1,(anonymous_2)
FNDA:1,(anonymous_3)
FNDA:0,(anonymous_4)
FNDA:0,(anonymous_5)
FNDA:0,(anonymous_6)
FNDA:0,(anonymous_7)
FNDA:0,(anonymous_8)
FNDA:0,(anonymous_9)
DA:19,1
DA:22,3
DA:23,3
DA:24,3
DA:27,3
DA:28,1
DA:29,1
DA:30,1
DA:32,3
DA:33,3
DA:34,3
DA:37,3
DA:38,1
DA:39,0
DA:40,0
DA:41,0
DA:42,0
DA:43,0
DA:44,0
DA:47,1
DA:48,0
DA:49,0
DA:51,1
DA:52,0
DA:53,0
DA:54,0
DA:55,0
DA:56,0
DA:58,1
DA:59,0
DA:60,0
DA:61,0
DA:63,1
DA:64,0
DA:65,0
DA:66,0
DA:69,0
DA:71,1
DA:72,0
DA:74,0
DA:75,0
DA:77,0
DA:78,0
DA:80,0
DA:81,0
DA:83,0
DA:84,0
DA:86,0
DA:90,3
DA:93,3
DA:94,3
DA:95,3
LF:52
LH:22
BRDA:39,1,0,0
BRDA:39,1,1,0
BRDA:65,2,0,0
BRDA:65,2,1,0
BRDA:72,3,0,0
BRDA:72,3,1,0
BRDA:72,3,2,0
BRDA:72,3,3,0
BRF:8
BRH:0
end_of_record
TN:
SF:/home/travis/build/DeltaGraphs/norris-nrti/frontend/app/Controller/GraphsControllers/MapChartController.js
FN:22,(anonymous_1)
FN:30,(anonymous_2)
FN:45,(anonymous_3)
FN:46,(anonymous_4)
FN:55,(anonymous_5)
FN:59,(anonymous_6)
FN:65,(anonymous_7)
FN:69,(anonymous_8)
FN:77,(anonymous_9)
FNF:9
FNH:3
FNDA:3,(anonymous_1)
FNDA:1,(anonymous_2)
FNDA:1,(anonymous_3)
FNDA:0,(anonymous_4)
FNDA:0,(anonymous_5)
FNDA:0,(anonymous_6)
FNDA:0,(anonymous_7)
FNDA:0,(anonymous_8)
FNDA:0,(anonymous_9)
DA:21,1
DA:24,3
DA:25,3
DA:26,3
DA:29,3
DA:30,3
DA:31,1
DA:32,1
DA:33,1
DA:34,1
DA:35,1
DA:39,3
DA:40,3
DA:41,3
DA:42,3
DA:45,3
DA:46,1
DA:47,0
DA:48,0
DA:49,0
DA:50,0
DA:51,0
DA:52,0
DA:55,1
DA:56,0
DA:57,0
DA:59,1
DA:60,0
DA:61,0
DA:62,0
DA:63,0
DA:65,1
DA:66,0
DA:67,0
DA:69,1
DA:70,0
DA:71,0
DA:72,0
DA:75,0
DA:77,1
DA:78,0
DA:80,0
DA:81,0
DA:83,0
DA:84,0
DA:86,0
DA:87,0
DA:89,0
DA:90,0
DA:92,0
DA:97,3
DA:100,3
DA:101,3
LF:53
LH:25
BRDA:31,1,0,1
BRDA:31,1,1,0
BRDA:47,2,0,0
BRDA:47,2,1,0
BRDA:71,3,0,0
BRDA:71,3,1,0
BRDA:78,4,0,0
BRDA:78,4,1,0
BRDA:78,4,2,0
BRDA:78,4,3,0
BRF:10
BRH:1
end_of_record
TN:
SF:/home/travis/build/DeltaGraphs/norris-nrti/frontend/app/Controller/GraphsControllers/TableController.js
FN:19,(anonymous_1)
FN:26,(anonymous_2)
FN:37,(anonymous_3)
FN:38,(anonymous_4)
FN:47,(anonymous_5)
FN:53,(anonymous_6)
FN:59,(anonymous_7)
FN:63,(anonymous_8)
FN:71,(anonymous_9)
FNF:9
FNH:3
FNDA:3,(anonymous_1)
FNDA:1,(anonymous_2)
FNDA:1,(anonymous_3)
FNDA:0,(anonymous_4)
FNDA:0,(anonymous_5)
FNDA:0,(anonymous_6)
FNDA:0,(anonymous_7)
FNDA:0,(anonymous_8)
FNDA:0,(anonymous_9)
DA:18,1
DA:21,3
DA:22,3
DA:23,3
DA:26,3
DA:27,1
DA:28,1
DA:29,1
DA:32,3
DA:33,3
DA:34,3
DA:37,3
DA:38,1
DA:39,0
DA:40,0
DA:41,0
DA:42,0
DA:43,0
DA:44,0
DA:47,1
DA:48,0
DA:49,0
DA:50,0
DA:51,0
DA:53,1
DA:54,0
DA:55,0
DA:56,0
DA:57,0
DA:59,1
DA:60,0
DA:61,0
DA:63,1
DA:64,0
DA:65,0
DA:66,0
DA:69,0
DA:71,1
DA:72,0
DA:74,0
DA:75,0
DA:77,0
DA:78,0
DA:80,0
DA:81,0
DA:83,0
DA:84,0
DA:86,0
DA:92,3
DA:93,3
LF:50
LH:20
BRDA:39,1,0,0
BRDA:39,1,1,0
BRDA:65,2,0,0
BRDA:65,2,1,0
BRDA:72,3,0,0
BRDA:72,3,1,0
BRDA:72,3,2,0
BRDA:72,3,3,0
BRF:8
BRH:0
end_of_record
TN:
SF:/home/travis/build/DeltaGraphs/norris-nrti/frontend/app/Controller/PagesControllers/PageController.js
FN:20,(anonymous_1)
FN:40,(anonymous_2)
FN:47,(anonymous_3)
FN:48,(anonymous_4)
FN:56,(anonymous_5)
FN:71,matrix
FNF:6
FNH:4
FNDA:3,(anonymous_1)
FNDA:1,(anonymous_2)
FNDA:1,(anonymous_3)
FNDA:0,(anonymous_4)
FNDA:0,(anonymous_5)
FNDA:1,matrix
DA:19,1
DA:23,3
DA:24,3
DA:35,3
DA:37,3
DA:40,3
DA:41,1
DA:42,1
DA:43,1
DA:47,3
DA:48,1
DA:49,0
DA:50,0
DA:51,0
DA:56,1
DA:57,0
DA:58,0
DA:71,1
DA:72,1
DA:73,1
DA:74,1
DA:75,1
DA:76,1
DA:77,0
DA:78,0
DA:80,1
DA:81,0
DA:82,0
DA:84,1
DA:85,0
DA:86,0
DA:87,0
DA:88,0
DA:91,1
DA:94,3
DA:95,3
DA:96,3
DA:99,3
DA:100,3
DA:101,3
LF:40
LH:27
BRDA:76,1,0,0
BRDA:76,1,1,1
BRDA:80,2,0,0
BRDA:80,2,1,1
BRDA:84,3,0,1
BRDA:84,3,1,0
BRDA:86,4,0,0
BRDA:86,4,1,0
BRF:8
BRH:3
end_of_record
TN:
SF:/home/travis/build/DeltaGraphs/norris-nrti/frontend/app/Controller/PagesControllers/PagesListController.js
FN:20,(anonymous_1)
FN:28,(anonymous_2)
FN:35,(anonymous_3)
FN:36,(anonymous_4)
FN:40,(anonymous_5)
FN:44,(anonymous_6)
FNF:6
FNH:3
FNDA:2,(anonymous_1)
FNDA:1,(anonymous_2)
FNDA:1,(anonymous_3)
FNDA:0,(anonymous_4)
FNDA:0,(anonymous_5)
FNDA:0,(anonymous_6)
DA:19,1
DA:22,2
DA:23,2
DA:25,2
DA:28,2
DA:29,1
DA:30,1
DA:31,1
DA:35,2
DA:36,1
DA:37,0
DA:38,0
DA:40,1
DA:41,0
DA:42,0
DA:44,1
DA:45,0
DA:46,0
DA:51,2
DA:52,2
DA:55,2
DA:56,2
LF:22
LH:16
BRF:0
BRH:0
end_of_record
